[0.025s] Invoking command in '/home/sws/tlr_ws/build/ultralytics_ros': CMAKE_PREFIX_PATH=${CMAKE_PREFIX_PATH}:/home/sws/autoware/install/simulator_compatibility_test:/home/sws/autoware/install/ad_api_visualizers:/home/sws/gnss_ws/install/ntrip_ros:/home/sws/sensor_ws/install/camera_calibration:/home/sws/my_ws/install/udp_handler:/home/sws/my_ws/install/ntrip_ros:/opt/ros/humble /usr/bin/cmake /home/sws/tlr_ws/src/ultralytics_ros -DCMAKE_BUILD_TYPE=Release -DAMENT_CMAKE_SYMLINK_INSTALL=1 -DCMAKE_INSTALL_PREFIX=/home/sws/tlr_ws/install/ultralytics_ros
[0.233s] -- The C compiler identification is GNU 11.4.0
[0.351s] -- The CXX compiler identification is GNU 11.4.0
[0.364s] -- Detecting C compiler ABI info
[0.461s] -- Detecting C compiler ABI info - done
[0.464s] -- Check for working C compiler: /usr/lib/ccache/gcc - skipped
[0.464s] -- Detecting C compile features
[0.465s] -- Detecting C compile features - done
[0.467s] -- Detecting CXX compiler ABI info
[0.560s] -- Detecting CXX compiler ABI info - done
[0.565s] -- Check for working CXX compiler: /usr/lib/ccache/g++ - skipped
[0.566s] -- Detecting CXX compile features
[0.566s] -- Detecting CXX compile features - done
[0.596s] -- Found ament_cmake: 1.3.11 (/opt/ros/humble/share/ament_cmake/cmake)
[0.784s] -- Found Python3: /usr/bin/python3 (found version "3.10.12") found components: Interpreter 
[0.834s] -- Override CMake install command with custom implementation using symlinks instead of copying resources
[1.019s] -- Found rclcpp: 16.0.12 (/opt/ros/humble/share/rclcpp/cmake)
[1.180s] -- Found rosidl_generator_c: 3.1.6 (/opt/ros/humble/share/rosidl_generator_c/cmake)
[1.205s] -- Found rosidl_adapter: 3.1.6 (/opt/ros/humble/share/rosidl_adapter/cmake)
[1.233s] -- Found rosidl_generator_cpp: 3.1.6 (/opt/ros/humble/share/rosidl_generator_cpp/cmake)
[1.281s] -- Using all available rosidl_typesupport_c: rosidl_typesupport_fastrtps_c;rosidl_typesupport_introspection_c
[1.342s] -- Using all available rosidl_typesupport_cpp: rosidl_typesupport_fastrtps_cpp;rosidl_typesupport_introspection_cpp
[1.505s] -- Found rmw_implementation_cmake: 6.1.2 (/opt/ros/humble/share/rmw_implementation_cmake/cmake)
[1.535s] -- Found rmw_cyclonedds_cpp: 1.3.4 (/opt/ros/humble/share/rmw_cyclonedds_cpp/cmake)
[1.641s] -- Using RMW implementation 'rmw_cyclonedds_cpp' as default
[1.685s] -- Looking for pthread.h
[1.813s] -- Looking for pthread.h - found
[1.813s] -- Performing Test CMAKE_HAVE_LIBC_PTHREAD
[1.927s] -- Performing Test CMAKE_HAVE_LIBC_PTHREAD - Success
[1.927s] -- Found Threads: TRUE  
[2.022s] -- Found rclpy: 3.3.16 (/opt/ros/humble/share/rclpy/cmake)
[2.034s] -- Found geometry_msgs: 4.9.0 (/opt/ros/humble/share/geometry_msgs/cmake)
[2.055s] -- Found sensor_msgs: 4.8.0 (/opt/ros/humble/share/sensor_msgs/cmake)
[2.077s] -- Found vision_msgs: 4.1.1 (/opt/ros/humble/share/vision_msgs/cmake)
[2.099s] -- Found visualization_msgs: 4.8.0 (/opt/ros/humble/share/visualization_msgs/cmake)
[2.123s] -- Found rosidl_default_generators: 1.2.0 (/opt/ros/humble/share/rosidl_default_generators/cmake)
[2.199s] -- Found cv_bridge: 3.2.1 (/opt/ros/humble/share/cv_bridge/cmake)
[2.231s] -- Found image_geometry: 3.2.1 (/opt/ros/humble/share/image_geometry/cmake)
[2.243s] -- Found message_filters: 4.3.6 (/opt/ros/humble/share/message_filters/cmake)
[2.257s] -- Found pcl_conversions: 2.4.5 (/opt/ros/humble/share/pcl_conversions/cmake)
[2.313s] -- Checking for module 'eigen3'
[2.342s] --   Found eigen3, version 3.4.0
[2.400s] -- Found Eigen: /usr/include/eigen3 (Required is at least version "3.1") 
[2.400s] -- Eigen found (include: /usr/include/eigen3, version: 3.4.0)
[2.519s] -- Checking for module 'flann'
[2.548s] --   Found flann, version 1.9.1
[2.612s] -- Found FLANN: /usr/lib/x86_64-linux-gnu/libflann_cpp.so  
[2.612s] -- FLANN found (include: /usr/include, lib: /usr/lib/x86_64-linux-gnu/libflann_cpp.so)
[3.932s] -- Checking for module 'libusb-1.0'
[3.961s] --   Found libusb-1.0, version 1.0.25
[4.028s] -- Found libusb: /usr/lib/x86_64-linux-gnu/libusb-1.0.so  
[4.028s] -- OpenNI found (version: 1.5.4.0, include: /usr/include/ni, lib: /usr/lib/libOpenNI.so;libusb::libusb)
[4.147s] -- OpenNI2 found (version: 2.2.0.33, include: /usr/include/openni2, lib: /usr/lib/x86_64-linux-gnu/libOpenNI2.so;libusb::libusb)
[4.304s] -- Eigen found (include: /usr/include/eigen3, version: 3.4.0)
[4.310s] -- OpenNI found (version: 1.5.4.0, include: /usr/include/ni, lib: /usr/lib/libOpenNI.so;libusb::libusb)
[4.317s] -- OpenNI2 found (version: 2.2.0.33, include: /usr/include/openni2, lib: /usr/lib/x86_64-linux-gnu/libOpenNI2.so;libusb::libusb)
[4.495s] -- Found Qhull version 8.0.2
[4.647s] -- OpenNI found (version: 1.5.4.0, include: /usr/include/ni, lib: /usr/lib/libOpenNI.so;libusb::libusb)
[4.798s] -- Found PCL_COMMON: /usr/lib/x86_64-linux-gnu/libpcl_common.so  
[4.799s] -- Found PCL_KDTREE: /usr/lib/x86_64-linux-gnu/libpcl_kdtree.so  
[4.800s] -- Found PCL_OCTREE: /usr/lib/x86_64-linux-gnu/libpcl_octree.so  
[4.800s] -- Found PCL_SEARCH: /usr/lib/x86_64-linux-gnu/libpcl_search.so  
[4.800s] -- Found PCL_SAMPLE_CONSENSUS: /usr/lib/x86_64-linux-gnu/libpcl_sample_consensus.so  
[4.802s] -- Found PCL_FILTERS: /usr/lib/x86_64-linux-gnu/libpcl_filters.so  
[4.802s] -- Found PCL_2D: /usr/include/pcl-1.12  
[4.802s] -- Found PCL_GEOMETRY: /usr/include/pcl-1.12  
[4.803s] -- Found PCL_IO: /usr/lib/x86_64-linux-gnu/libpcl_io.so  
[4.803s] -- Found PCL_FEATURES: /usr/lib/x86_64-linux-gnu/libpcl_features.so  
[4.803s] -- Found PCL_ML: /usr/lib/x86_64-linux-gnu/libpcl_ml.so  
[4.804s] -- Found PCL_SEGMENTATION: /usr/lib/x86_64-linux-gnu/libpcl_segmentation.so  
[4.804s] -- Found PCL_VISUALIZATION: /usr/lib/x86_64-linux-gnu/libpcl_visualization.so  
[4.805s] -- Found PCL_SURFACE: /usr/lib/x86_64-linux-gnu/libpcl_surface.so  
[4.805s] -- Found PCL_REGISTRATION: /usr/lib/x86_64-linux-gnu/libpcl_registration.so  
[4.806s] -- Found PCL_KEYPOINTS: /usr/lib/x86_64-linux-gnu/libpcl_keypoints.so  
[4.806s] -- Found PCL_TRACKING: /usr/lib/x86_64-linux-gnu/libpcl_tracking.so  
[4.807s] -- Found PCL_RECOGNITION: /usr/lib/x86_64-linux-gnu/libpcl_recognition.so  
[4.807s] -- Found PCL_STEREO: /usr/lib/x86_64-linux-gnu/libpcl_stereo.so  
[4.807s] -- Found PCL_APPS: /usr/lib/x86_64-linux-gnu/libpcl_apps.so  
[4.808s] -- Found PCL_IN_HAND_SCANNER: /usr/include/pcl-1.12  
[4.808s] -- Found PCL_MODELER: /usr/include/pcl-1.12  
[4.809s] -- Found PCL_POINT_CLOUD_EDITOR: /usr/include/pcl-1.12  
[4.809s] -- Found PCL_OUTOFCORE: /usr/lib/x86_64-linux-gnu/libpcl_outofcore.so  
[4.809s] -- Found PCL_PEOPLE: /usr/lib/x86_64-linux-gnu/libpcl_people.so  
[4.823s] -- Found pcl_ros: 2.4.5 (/opt/ros/humble/share/pcl_ros/cmake)
[4.928s] -- Found eigen3_cmake_module: 0.1.1 (/opt/ros/humble/share/eigen3_cmake_module/cmake)
[4.929s] -- Found Eigen3: TRUE (found version "3.4.0") 
[4.929s] -- Ensuring Eigen3 include directory is part of orocos-kdl CMake target
[5.105s] -- Found tf2_eigen: 0.25.12 (/opt/ros/humble/share/tf2_eigen/cmake)
[5.109s] -- Found OpenCV: /usr (found version "4.5.4") 
[5.373s] -- Found ament_cmake_ros: 0.10.0 (/opt/ros/humble/share/ament_cmake_ros/cmake)
[5.806s] -- Using all available rosidl_typesupport_c: rosidl_typesupport_fastrtps_c;rosidl_typesupport_introspection_c
[5.969s] -- Using all available rosidl_typesupport_cpp: rosidl_typesupport_fastrtps_cpp;rosidl_typesupport_introspection_cpp
[6.002s] -- Found PythonInterp: /usr/bin/python3 (found suitable version "3.10.12", minimum required is "3.6") 
[6.017s] -- Found python_cmake_module: 0.10.0 (/opt/ros/humble/share/python_cmake_module/cmake)
[6.054s] -- Found PythonLibs: /usr/lib/x86_64-linux-gnu/libpython3.10.so (found suitable version "3.10.12", minimum required is "3.5") 
[6.054s] -- Using PYTHON_EXECUTABLE: /usr/bin/python3
[6.054s] -- Using PYTHON_INCLUDE_DIRS: /usr/include/python3.10
[6.054s] -- Using PYTHON_LIBRARIES: /usr/lib/x86_64-linux-gnu/libpython3.10.so
[6.075s] -- Found PythonExtra: .so  
[6.833s] -- Configuring done
[6.906s] -- Generating done
[6.915s] -- Build files have been written to: /home/sws/tlr_ws/build/ultralytics_ros
[6.926s] Invoked command in '/home/sws/tlr_ws/build/ultralytics_ros' returned '0': CMAKE_PREFIX_PATH=${CMAKE_PREFIX_PATH}:/home/sws/autoware/install/simulator_compatibility_test:/home/sws/autoware/install/ad_api_visualizers:/home/sws/gnss_ws/install/ntrip_ros:/home/sws/sensor_ws/install/camera_calibration:/home/sws/my_ws/install/udp_handler:/home/sws/my_ws/install/ntrip_ros:/opt/ros/humble /usr/bin/cmake /home/sws/tlr_ws/src/ultralytics_ros -DCMAKE_BUILD_TYPE=Release -DAMENT_CMAKE_SYMLINK_INSTALL=1 -DCMAKE_INSTALL_PREFIX=/home/sws/tlr_ws/install/ultralytics_ros
[6.927s] Invoking command in '/home/sws/tlr_ws/build/ultralytics_ros': CMAKE_PREFIX_PATH=${CMAKE_PREFIX_PATH}:/home/sws/autoware/install/simulator_compatibility_test:/home/sws/autoware/install/ad_api_visualizers:/home/sws/gnss_ws/install/ntrip_ros:/home/sws/sensor_ws/install/camera_calibration:/home/sws/my_ws/install/udp_handler:/home/sws/my_ws/install/ntrip_ros:/opt/ros/humble /usr/bin/cmake --build /home/sws/tlr_ws/build/ultralytics_ros -- -j32 -l32
[7.016s] [  3%] [34m[1mGenerating C code for ROS interfaces[0m
[7.035s] [  6%] [34m[1mGenerating C++ code for ROS interfaces[0m
[7.049s] [  6%] Built target ament_cmake_python_symlink_ultralytics_ros
[7.189s] [  6%] Built target ultralytics_ros__cpp
[7.192s] [  9%] [32mBuilding C object CMakeFiles/ultralytics_ros__rosidl_generator_c.dir/rosidl_generator_c/ultralytics_ros/msg/detail/yolo_result__functions.c.o[0m
[7.208s] [ 12%] [34m[1mGenerating C++ type support dispatch for ROS interfaces[0m
[7.209s] [ 18%] [34m[1mGenerating C++ type support for eProsima Fast-RTPS[0m
[7.209s] [ 18%] [34m[1mGenerating C++ introspection for ROS interfaces[0m
[7.222s] running egg_info
[7.223s] creating ultralytics_ros.egg-info
[7.223s] writing ultralytics_ros.egg-info/PKG-INFO
[7.223s] writing dependency_links to ultralytics_ros.egg-info/dependency_links.txt
[7.223s] writing top-level names to ultralytics_ros.egg-info/top_level.txt
[7.223s] writing manifest file 'ultralytics_ros.egg-info/SOURCES.txt'
[7.225s] reading manifest file 'ultralytics_ros.egg-info/SOURCES.txt'
[7.225s] writing manifest file 'ultralytics_ros.egg-info/SOURCES.txt'
[7.255s] [ 18%] Built target ament_cmake_python_build_ultralytics_ros_egg
[7.322s] [ 21%] [32m[1mLinking C shared library libultralytics_ros__rosidl_generator_c.so[0m
[7.357s] [ 24%] [32mBuilding CXX object CMakeFiles/ultralytics_ros__rosidl_typesupport_cpp.dir/rosidl_typesupport_cpp/ultralytics_ros/msg/yolo_result__type_support.cpp.o[0m
[7.382s] [ 24%] Built target ultralytics_ros__rosidl_generator_c
[7.382s] [ 27%] [32mBuilding CXX object CMakeFiles/ultralytics_ros__rosidl_typesupport_fastrtps_cpp.dir/rosidl_typesupport_fastrtps_cpp/ultralytics_ros/msg/detail/dds_fastrtps/yolo_result__type_support.cpp.o[0m
[7.385s] [ 30%] [32mBuilding CXX object CMakeFiles/ultralytics_ros__rosidl_typesupport_introspection_cpp.dir/rosidl_typesupport_introspection_cpp/ultralytics_ros/msg/detail/yolo_result__type_support.cpp.o[0m
[7.403s] [ 33%] [34m[1mGenerating C introspection for ROS interfaces[0m
[7.407s] [ 36%] [34m[1mGenerating C type support dispatch for ROS interfaces[0m
[7.407s] [ 39%] [34m[1mGenerating C type support for eProsima Fast-RTPS[0m
[7.554s] [ 42%] [32m[1mLinking CXX shared library libultralytics_ros__rosidl_typesupport_cpp.so[0m
[7.561s] [ 45%] [32mBuilding CXX object CMakeFiles/ultralytics_ros__rosidl_typesupport_c.dir/rosidl_typesupport_c/ultralytics_ros/msg/yolo_result__type_support.cpp.o[0m
[7.585s] [ 48%] [32mBuilding C object CMakeFiles/ultralytics_ros__rosidl_typesupport_introspection_c.dir/rosidl_typesupport_introspection_c/ultralytics_ros/msg/detail/yolo_result__type_support.c.o[0m
[7.590s] [ 51%] [32mBuilding CXX object CMakeFiles/ultralytics_ros__rosidl_typesupport_fastrtps_c.dir/rosidl_typesupport_fastrtps_c/ultralytics_ros/msg/detail/yolo_result__type_support_c.cpp.o[0m
[7.616s] [ 51%] Built target ultralytics_ros__rosidl_typesupport_cpp
[7.636s] [ 54%] [32m[1mLinking CXX shared library libultralytics_ros__rosidl_typesupport_c.so[0m
[7.665s] [ 57%] [32m[1mLinking C shared library libultralytics_ros__rosidl_typesupport_introspection_c.so[0m
[7.666s] [ 60%] [32mBuilding CXX object CMakeFiles/tracker_with_cloud_node.dir/src/tracker_with_cloud_node.cpp.o[0m
[7.691s] [ 63%] [32m[1mLinking CXX shared library libultralytics_ros__rosidl_typesupport_fastrtps_cpp.so[0m
[7.692s] [ 66%] [32m[1mLinking CXX shared library libultralytics_ros__rosidl_typesupport_introspection_cpp.so[0m
[7.706s] [ 66%] Built target ultralytics_ros__rosidl_typesupport_c
[7.714s] [ 66%] Built target ultralytics_ros__rosidl_typesupport_introspection_c
[7.770s] [ 66%] Built target ultralytics_ros__rosidl_typesupport_introspection_cpp
[7.773s] [ 66%] Built target ultralytics_ros__rosidl_typesupport_fastrtps_cpp
[7.834s] [ 69%] [32m[1mLinking CXX shared library libultralytics_ros__rosidl_typesupport_fastrtps_c.so[0m
[7.906s] [ 69%] Built target ultralytics_ros__rosidl_typesupport_fastrtps_c
[7.945s] [ 69%] Built target ultralytics_ros
[7.986s] [ 72%] [34m[1mGenerating Python code for ROS interfaces[0m
[8.164s] [ 72%] Built target ultralytics_ros__py
[8.201s] [ 75%] [32mBuilding C object CMakeFiles/ultralytics_ros__rosidl_generator_py.dir/rosidl_generator_py/ultralytics_ros/msg/_yolo_result_s.c.o[0m
[8.350s] [ 78%] [32m[1mLinking C shared library rosidl_generator_py/ultralytics_ros/libultralytics_ros__rosidl_generator_py.so[0m
[8.417s] [ 78%] Built target ultralytics_ros__rosidl_generator_py
[8.469s] [ 87%] [32mBuilding C object CMakeFiles/ultralytics_ros__rosidl_typesupport_introspection_c__pyext.dir/rosidl_generator_py/ultralytics_ros/_ultralytics_ros_s.ep.rosidl_typesupport_introspection_c.c.o[0m
[8.469s] [ 87%] [32mBuilding C object CMakeFiles/ultralytics_ros__rosidl_typesupport_c__pyext.dir/rosidl_generator_py/ultralytics_ros/_ultralytics_ros_s.ep.rosidl_typesupport_c.c.o[0m
[8.469s] [ 87%] [32mBuilding C object CMakeFiles/ultralytics_ros__rosidl_typesupport_fastrtps_c__pyext.dir/rosidl_generator_py/ultralytics_ros/_ultralytics_ros_s.ep.rosidl_typesupport_fastrtps_c.c.o[0m
[8.601s] [ 90%] [32m[1mLinking C shared library rosidl_generator_py/ultralytics_ros/ultralytics_ros_s__rosidl_typesupport_c.cpython-310-x86_64-linux-gnu.so[0m
[8.605s] [ 93%] [32m[1mLinking C shared library rosidl_generator_py/ultralytics_ros/ultralytics_ros_s__rosidl_typesupport_introspection_c.cpython-310-x86_64-linux-gnu.so[0m
[8.607s] [ 96%] [32m[1mLinking C shared library rosidl_generator_py/ultralytics_ros/ultralytics_ros_s__rosidl_typesupport_fastrtps_c.cpython-310-x86_64-linux-gnu.so[0m
[8.662s] [ 96%] Built target ultralytics_ros__rosidl_typesupport_introspection_c__pyext
[8.662s] [ 96%] Built target ultralytics_ros__rosidl_typesupport_c__pyext
[8.663s] [ 96%] Built target ultralytics_ros__rosidl_typesupport_fastrtps_c__pyext
[23.864s] [100%] [32m[1mLinking CXX executable tracker_with_cloud_node[0m
[24.801s] [100%] Built target tracker_with_cloud_node
[24.815s] Invoked command in '/home/sws/tlr_ws/build/ultralytics_ros' returned '0': CMAKE_PREFIX_PATH=${CMAKE_PREFIX_PATH}:/home/sws/autoware/install/simulator_compatibility_test:/home/sws/autoware/install/ad_api_visualizers:/home/sws/gnss_ws/install/ntrip_ros:/home/sws/sensor_ws/install/camera_calibration:/home/sws/my_ws/install/udp_handler:/home/sws/my_ws/install/ntrip_ros:/opt/ros/humble /usr/bin/cmake --build /home/sws/tlr_ws/build/ultralytics_ros -- -j32 -l32
[24.817s] Invoking command in '/home/sws/tlr_ws/build/ultralytics_ros': CMAKE_PREFIX_PATH=${CMAKE_PREFIX_PATH}:/home/sws/autoware/install/simulator_compatibility_test:/home/sws/autoware/install/ad_api_visualizers:/home/sws/gnss_ws/install/ntrip_ros:/home/sws/sensor_ws/install/camera_calibration:/home/sws/my_ws/install/udp_handler:/home/sws/my_ws/install/ntrip_ros:/opt/ros/humble /usr/bin/cmake --install /home/sws/tlr_ws/build/ultralytics_ros
[24.828s] -- Install configuration: "Release"
[24.829s] -- Execute custom install script
[24.829s] -- Symlinking: /home/sws/tlr_ws/install/ultralytics_ros/share/ament_index/resource_index/rosidl_interfaces/ultralytics_ros
[24.843s] -- Symlinking: /home/sws/tlr_ws/install/ultralytics_ros/include/ultralytics_ros/ultralytics_ros/msg/detail/yolo_result__functions.h
[24.861s] -- Symlinking: /home/sws/tlr_ws/install/ultralytics_ros/include/ultralytics_ros/ultralytics_ros/msg/detail/yolo_result__struct.h
[24.873s] -- Symlinking: /home/sws/tlr_ws/install/ultralytics_ros/include/ultralytics_ros/ultralytics_ros/msg/detail/yolo_result__type_support.h
[24.885s] -- Symlinking: /home/sws/tlr_ws/install/ultralytics_ros/include/ultralytics_ros/ultralytics_ros/msg/rosidl_generator_c__visibility_control.h
[24.903s] -- Symlinking: /home/sws/tlr_ws/install/ultralytics_ros/include/ultralytics_ros/ultralytics_ros/msg/yolo_result.h
[24.915s] -- Symlinking: /home/sws/tlr_ws/install/ultralytics_ros/share/ultralytics_ros/environment/library_path.sh
[24.933s] -- Symlinking: /home/sws/tlr_ws/install/ultralytics_ros/share/ultralytics_ros/environment/library_path.dsv
[24.944s] -- Symlinking: /home/sws/tlr_ws/install/ultralytics_ros/include/ultralytics_ros/ultralytics_ros/msg/detail/yolo_result__rosidl_typesupport_fastrtps_c.h
[24.962s] -- Symlinking: /home/sws/tlr_ws/install/ultralytics_ros/include/ultralytics_ros/ultralytics_ros/msg/rosidl_typesupport_fastrtps_c__visibility_control.h
[24.973s] -- Symlinking: /home/sws/tlr_ws/install/ultralytics_ros/include/ultralytics_ros/ultralytics_ros/msg/detail/yolo_result__builder.hpp
[24.992s] -- Symlinking: /home/sws/tlr_ws/install/ultralytics_ros/include/ultralytics_ros/ultralytics_ros/msg/detail/yolo_result__struct.hpp
[25.003s] -- Symlinking: /home/sws/tlr_ws/install/ultralytics_ros/include/ultralytics_ros/ultralytics_ros/msg/detail/yolo_result__traits.hpp
[25.014s] -- Symlinking: /home/sws/tlr_ws/install/ultralytics_ros/include/ultralytics_ros/ultralytics_ros/msg/detail/yolo_result__type_support.hpp
[25.032s] -- Symlinking: /home/sws/tlr_ws/install/ultralytics_ros/include/ultralytics_ros/ultralytics_ros/msg/rosidl_generator_cpp__visibility_control.hpp
[25.044s] -- Symlinking: /home/sws/tlr_ws/install/ultralytics_ros/include/ultralytics_ros/ultralytics_ros/msg/yolo_result.hpp
[25.061s] -- Symlinking: /home/sws/tlr_ws/install/ultralytics_ros/include/ultralytics_ros/ultralytics_ros/msg/detail/yolo_result__rosidl_typesupport_fastrtps_cpp.hpp
[25.074s] -- Symlinking: /home/sws/tlr_ws/install/ultralytics_ros/include/ultralytics_ros/ultralytics_ros/msg/rosidl_typesupport_fastrtps_cpp__visibility_control.h
[25.091s] -- Symlinking: /home/sws/tlr_ws/install/ultralytics_ros/include/ultralytics_ros/ultralytics_ros/msg/detail/yolo_result__rosidl_typesupport_introspection_c.h
[25.103s] -- Symlinking: /home/sws/tlr_ws/install/ultralytics_ros/include/ultralytics_ros/ultralytics_ros/msg/rosidl_typesupport_introspection_c__visibility_control.h
[25.121s] -- Symlinking: /home/sws/tlr_ws/install/ultralytics_ros/include/ultralytics_ros/ultralytics_ros/msg/detail/yolo_result__rosidl_typesupport_introspection_cpp.hpp
[25.133s] -- Symlinking: /home/sws/tlr_ws/install/ultralytics_ros/share/ultralytics_ros/environment/pythonpath.sh
[25.151s] -- Symlinking: /home/sws/tlr_ws/install/ultralytics_ros/share/ultralytics_ros/environment/pythonpath.dsv
[25.167s] -- Symlinking: /home/sws/tlr_ws/install/ultralytics_ros/local/lib/python3.10/dist-packages/ultralytics_ros-0.0.0-py3.10.egg-info/PKG-INFO
[25.179s] -- Symlinking: /home/sws/tlr_ws/install/ultralytics_ros/local/lib/python3.10/dist-packages/ultralytics_ros-0.0.0-py3.10.egg-info/SOURCES.txt
[25.194s] -- Symlinking: /home/sws/tlr_ws/install/ultralytics_ros/local/lib/python3.10/dist-packages/ultralytics_ros-0.0.0-py3.10.egg-info/dependency_links.txt
[25.206s] -- Symlinking: /home/sws/tlr_ws/install/ultralytics_ros/local/lib/python3.10/dist-packages/ultralytics_ros-0.0.0-py3.10.egg-info/top_level.txt
[25.223s] -- Symlinking: /home/sws/tlr_ws/install/ultralytics_ros/local/lib/python3.10/dist-packages/ultralytics_ros/__init__.py
[25.236s] -- Symlinking: /home/sws/tlr_ws/install/ultralytics_ros/local/lib/python3.10/dist-packages/ultralytics_ros/_ultralytics_ros_s.ep.rosidl_typesupport_c.c
[25.254s] -- Symlinking: /home/sws/tlr_ws/install/ultralytics_ros/local/lib/python3.10/dist-packages/ultralytics_ros/_ultralytics_ros_s.ep.rosidl_typesupport_fastrtps_c.c
[25.265s] -- Symlinking: /home/sws/tlr_ws/install/ultralytics_ros/local/lib/python3.10/dist-packages/ultralytics_ros/_ultralytics_ros_s.ep.rosidl_typesupport_introspection_c.c
[25.277s] -- Symlinking: /home/sws/tlr_ws/install/ultralytics_ros/local/lib/python3.10/dist-packages/ultralytics_ros/libultralytics_ros__rosidl_generator_py.so
[25.291s] -- Symlinking: /home/sws/tlr_ws/install/ultralytics_ros/local/lib/python3.10/dist-packages/ultralytics_ros/msg/__init__.py
[25.310s] -- Symlinking: /home/sws/tlr_ws/install/ultralytics_ros/local/lib/python3.10/dist-packages/ultralytics_ros/msg/_yolo_result.py
[25.324s] -- Symlinking: /home/sws/tlr_ws/install/ultralytics_ros/local/lib/python3.10/dist-packages/ultralytics_ros/msg/_yolo_result_s.c
[25.337s] -- Symlinking: /home/sws/tlr_ws/install/ultralytics_ros/local/lib/python3.10/dist-packages/ultralytics_ros/ultralytics_ros_s__rosidl_typesupport_c.cpython-310-x86_64-linux-gnu.so
[25.353s] -- Symlinking: /home/sws/tlr_ws/install/ultralytics_ros/local/lib/python3.10/dist-packages/ultralytics_ros/ultralytics_ros_s__rosidl_typesupport_fastrtps_c.cpython-310-x86_64-linux-gnu.so
[25.365s] -- Symlinking: /home/sws/tlr_ws/install/ultralytics_ros/local/lib/python3.10/dist-packages/ultralytics_ros/ultralytics_ros_s__rosidl_typesupport_introspection_c.cpython-310-x86_64-linux-gnu.so
[25.382s] -- Up-to-date symlink: /home/sws/tlr_ws/install/ultralytics_ros/local/lib/python3.10/dist-packages/ultralytics_ros/ultralytics_ros_s__rosidl_typesupport_fastrtps_c.cpython-310-x86_64-linux-gnu.so
[25.382s] -- Up-to-date symlink: /home/sws/tlr_ws/install/ultralytics_ros/local/lib/python3.10/dist-packages/ultralytics_ros/ultralytics_ros_s__rosidl_typesupport_introspection_c.cpython-310-x86_64-linux-gnu.so
[25.382s] -- Up-to-date symlink: /home/sws/tlr_ws/install/ultralytics_ros/local/lib/python3.10/dist-packages/ultralytics_ros/ultralytics_ros_s__rosidl_typesupport_c.cpython-310-x86_64-linux-gnu.so
[25.382s] -- Symlinking: /home/sws/tlr_ws/install/ultralytics_ros/share/ultralytics_ros/msg/YoloResult.idl
[25.394s] -- Symlinking: /home/sws/tlr_ws/install/ultralytics_ros/share/ultralytics_ros/msg/YoloResult.msg
[25.412s] -- Symlinking: /home/sws/tlr_ws/install/ultralytics_ros/lib/ultralytics_ros/tracker_with_cloud_node
[25.424s] -- Symlinking: /home/sws/tlr_ws/install/ultralytics_ros/lib/ultralytics_ros/tracker_node.py
[25.442s] -- Symlinking: /home/sws/tlr_ws/install/ultralytics_ros/share/ultralytics_ros/launch/kitti_tracker.launch.xml
[25.454s] -- Symlinking: /home/sws/tlr_ws/install/ultralytics_ros/share/ultralytics_ros/launch/kitti_tracker_with_cloud.launch.xml
[25.466s] -- Symlinking: /home/sws/tlr_ws/install/ultralytics_ros/share/ultralytics_ros/launch/tracker.launch.xml
[25.482s] -- Symlinking: /home/sws/tlr_ws/install/ultralytics_ros/share/ultralytics_ros/launch/tracker_with_cloud.launch.xml
[25.494s] -- Symlinking: /home/sws/tlr_ws/install/ultralytics_ros/share/ultralytics_ros/rviz2/default.rviz
[25.508s] -- Symlinking: /home/sws/tlr_ws/install/ultralytics_ros/share/ultralytics_ros/rviz2/kitti.rviz
[25.519s] -- Symlinking: /home/sws/tlr_ws/install/ultralytics_ros/share/ament_index/resource_index/package_run_dependencies/ultralytics_ros
[25.536s] -- Symlinking: /home/sws/tlr_ws/install/ultralytics_ros/share/ament_index/resource_index/parent_prefix_path/ultralytics_ros
[25.547s] -- Symlinking: /home/sws/tlr_ws/install/ultralytics_ros/share/ultralytics_ros/environment/ament_prefix_path.sh
[25.558s] -- Symlinking: /home/sws/tlr_ws/install/ultralytics_ros/share/ultralytics_ros/environment/ament_prefix_path.dsv
[25.574s] -- Symlinking: /home/sws/tlr_ws/install/ultralytics_ros/share/ultralytics_ros/environment/path.sh
[25.587s] -- Symlinking: /home/sws/tlr_ws/install/ultralytics_ros/share/ultralytics_ros/environment/path.dsv
[25.604s] -- Symlinking: /home/sws/tlr_ws/install/ultralytics_ros/share/ultralytics_ros/local_setup.bash
[25.616s] -- Symlinking: /home/sws/tlr_ws/install/ultralytics_ros/share/ultralytics_ros/local_setup.sh
[25.630s] -- Symlinking: /home/sws/tlr_ws/install/ultralytics_ros/share/ultralytics_ros/local_setup.zsh
[25.642s] -- Symlinking: /home/sws/tlr_ws/install/ultralytics_ros/share/ultralytics_ros/local_setup.dsv
[25.654s] -- Symlinking: /home/sws/tlr_ws/install/ultralytics_ros/share/ultralytics_ros/package.dsv
[25.670s] -- Symlinking: /home/sws/tlr_ws/install/ultralytics_ros/share/ament_index/resource_index/packages/ultralytics_ros
[25.683s] -- Symlinking: /home/sws/tlr_ws/install/ultralytics_ros/share/ultralytics_ros/cmake/rosidl_cmake-extras.cmake
[25.700s] -- Symlinking: /home/sws/tlr_ws/install/ultralytics_ros/share/ultralytics_ros/cmake/ament_cmake_export_dependencies-extras.cmake
[25.711s] -- Symlinking: /home/sws/tlr_ws/install/ultralytics_ros/share/ultralytics_ros/cmake/ament_cmake_export_include_directories-extras.cmake
[25.722s] -- Symlinking: /home/sws/tlr_ws/install/ultralytics_ros/share/ultralytics_ros/cmake/ament_cmake_export_libraries-extras.cmake
[25.733s] -- Symlinking: /home/sws/tlr_ws/install/ultralytics_ros/share/ultralytics_ros/cmake/ament_cmake_export_targets-extras.cmake
[25.747s] -- Symlinking: /home/sws/tlr_ws/install/ultralytics_ros/share/ultralytics_ros/cmake/rosidl_cmake_export_typesupport_targets-extras.cmake
[25.762s] -- Symlinking: /home/sws/tlr_ws/install/ultralytics_ros/share/ultralytics_ros/cmake/rosidl_cmake_export_typesupport_libraries-extras.cmake
[25.774s] -- Symlinking: /home/sws/tlr_ws/install/ultralytics_ros/share/ultralytics_ros/cmake/ultralytics_rosConfig.cmake
[25.789s] -- Symlinking: /home/sws/tlr_ws/install/ultralytics_ros/share/ultralytics_ros/cmake/ultralytics_rosConfig-version.cmake
[25.803s] -- Symlinking: /home/sws/tlr_ws/install/ultralytics_ros/share/ultralytics_ros/package.xml
[25.816s] -- Installing: /home/sws/tlr_ws/install/ultralytics_ros/lib/libultralytics_ros__rosidl_generator_c.so
[25.816s] -- Set runtime path of "/home/sws/tlr_ws/install/ultralytics_ros/lib/libultralytics_ros__rosidl_generator_c.so" to ""
[25.816s] -- Installing: /home/sws/tlr_ws/install/ultralytics_ros/lib/libultralytics_ros__rosidl_typesupport_fastrtps_c.so
[25.816s] -- Set runtime path of "/home/sws/tlr_ws/install/ultralytics_ros/lib/libultralytics_ros__rosidl_typesupport_fastrtps_c.so" to ""
[25.816s] -- Installing: /home/sws/tlr_ws/install/ultralytics_ros/lib/libultralytics_ros__rosidl_typesupport_fastrtps_cpp.so
[25.816s] -- Set runtime path of "/home/sws/tlr_ws/install/ultralytics_ros/lib/libultralytics_ros__rosidl_typesupport_fastrtps_cpp.so" to ""
[25.816s] -- Installing: /home/sws/tlr_ws/install/ultralytics_ros/lib/libultralytics_ros__rosidl_typesupport_introspection_c.so
[25.816s] -- Set runtime path of "/home/sws/tlr_ws/install/ultralytics_ros/lib/libultralytics_ros__rosidl_typesupport_introspection_c.so" to ""
[25.816s] -- Installing: /home/sws/tlr_ws/install/ultralytics_ros/lib/libultralytics_ros__rosidl_typesupport_c.so
[25.816s] -- Set runtime path of "/home/sws/tlr_ws/install/ultralytics_ros/lib/libultralytics_ros__rosidl_typesupport_c.so" to ""
[25.816s] -- Installing: /home/sws/tlr_ws/install/ultralytics_ros/lib/libultralytics_ros__rosidl_typesupport_introspection_cpp.so
[25.816s] -- Set runtime path of "/home/sws/tlr_ws/install/ultralytics_ros/lib/libultralytics_ros__rosidl_typesupport_introspection_cpp.so" to ""
[25.817s] -- Installing: /home/sws/tlr_ws/install/ultralytics_ros/lib/libultralytics_ros__rosidl_typesupport_cpp.so
[25.817s] -- Set runtime path of "/home/sws/tlr_ws/install/ultralytics_ros/lib/libultralytics_ros__rosidl_typesupport_cpp.so" to ""
[25.852s] Listing '/home/sws/tlr_ws/install/ultralytics_ros/local/lib/python3.10/dist-packages/ultralytics_ros'...
[25.852s] Compiling '/home/sws/tlr_ws/install/ultralytics_ros/local/lib/python3.10/dist-packages/ultralytics_ros/__init__.py'...
[25.852s] Listing '/home/sws/tlr_ws/install/ultralytics_ros/local/lib/python3.10/dist-packages/ultralytics_ros/msg'...
[25.852s] Compiling '/home/sws/tlr_ws/install/ultralytics_ros/local/lib/python3.10/dist-packages/ultralytics_ros/msg/__init__.py'...
[25.852s] Compiling '/home/sws/tlr_ws/install/ultralytics_ros/local/lib/python3.10/dist-packages/ultralytics_ros/msg/_yolo_result.py'...
[25.854s] -- Installing: /home/sws/tlr_ws/install/ultralytics_ros/lib/libultralytics_ros__rosidl_generator_py.so
[25.854s] -- Set runtime path of "/home/sws/tlr_ws/install/ultralytics_ros/lib/libultralytics_ros__rosidl_generator_py.so" to ""
[25.854s] -- Installing: /home/sws/tlr_ws/install/ultralytics_ros/share/ultralytics_ros/cmake/export_ultralytics_ros__rosidl_generator_cExport.cmake
[25.854s] -- Installing: /home/sws/tlr_ws/install/ultralytics_ros/share/ultralytics_ros/cmake/export_ultralytics_ros__rosidl_generator_cExport-release.cmake
[25.854s] -- Installing: /home/sws/tlr_ws/install/ultralytics_ros/share/ultralytics_ros/cmake/export_ultralytics_ros__rosidl_typesupport_fastrtps_cExport.cmake
[25.854s] -- Installing: /home/sws/tlr_ws/install/ultralytics_ros/share/ultralytics_ros/cmake/export_ultralytics_ros__rosidl_typesupport_fastrtps_cExport-release.cmake
[25.854s] -- Installing: /home/sws/tlr_ws/install/ultralytics_ros/share/ultralytics_ros/cmake/export_ultralytics_ros__rosidl_generator_cppExport.cmake
[25.854s] -- Installing: /home/sws/tlr_ws/install/ultralytics_ros/share/ultralytics_ros/cmake/export_ultralytics_ros__rosidl_typesupport_fastrtps_cppExport.cmake
[25.854s] -- Installing: /home/sws/tlr_ws/install/ultralytics_ros/share/ultralytics_ros/cmake/export_ultralytics_ros__rosidl_typesupport_fastrtps_cppExport-release.cmake
[25.854s] -- Installing: /home/sws/tlr_ws/install/ultralytics_ros/share/ultralytics_ros/cmake/ultralytics_ros__rosidl_typesupport_introspection_cExport.cmake
[25.854s] -- Installing: /home/sws/tlr_ws/install/ultralytics_ros/share/ultralytics_ros/cmake/ultralytics_ros__rosidl_typesupport_introspection_cExport-release.cmake
[25.854s] -- Installing: /home/sws/tlr_ws/install/ultralytics_ros/share/ultralytics_ros/cmake/ultralytics_ros__rosidl_typesupport_cExport.cmake
[25.854s] -- Installing: /home/sws/tlr_ws/install/ultralytics_ros/share/ultralytics_ros/cmake/ultralytics_ros__rosidl_typesupport_cExport-release.cmake
[25.854s] -- Installing: /home/sws/tlr_ws/install/ultralytics_ros/share/ultralytics_ros/cmake/ultralytics_ros__rosidl_typesupport_introspection_cppExport.cmake
[25.854s] -- Installing: /home/sws/tlr_ws/install/ultralytics_ros/share/ultralytics_ros/cmake/ultralytics_ros__rosidl_typesupport_introspection_cppExport-release.cmake
[25.854s] -- Installing: /home/sws/tlr_ws/install/ultralytics_ros/share/ultralytics_ros/cmake/ultralytics_ros__rosidl_typesupport_cppExport.cmake
[25.854s] -- Installing: /home/sws/tlr_ws/install/ultralytics_ros/share/ultralytics_ros/cmake/ultralytics_ros__rosidl_typesupport_cppExport-release.cmake
[25.854s] -- Installing: /home/sws/tlr_ws/install/ultralytics_ros/share/ultralytics_ros/cmake/export_ultralytics_ros__rosidl_generator_pyExport.cmake
[25.855s] -- Installing: /home/sws/tlr_ws/install/ultralytics_ros/share/ultralytics_ros/cmake/export_ultralytics_ros__rosidl_generator_pyExport-release.cmake
[25.856s] Invoked command in '/home/sws/tlr_ws/build/ultralytics_ros' returned '0': CMAKE_PREFIX_PATH=${CMAKE_PREFIX_PATH}:/home/sws/autoware/install/simulator_compatibility_test:/home/sws/autoware/install/ad_api_visualizers:/home/sws/gnss_ws/install/ntrip_ros:/home/sws/sensor_ws/install/camera_calibration:/home/sws/my_ws/install/udp_handler:/home/sws/my_ws/install/ntrip_ros:/opt/ros/humble /usr/bin/cmake --install /home/sws/tlr_ws/build/ultralytics_ros
