[0.021s] Invoking command in '/home/sws/tlr_ws/build/v4l2_camera': CMAKE_PREFIX_PATH=${CMAKE_PREFIX_PATH}:/home/sws/autoware/install/simulator_compatibility_test:/home/sws/autoware/install/ad_api_visualizers:/home/sws/gnss_ws/install/ntrip_ros:/home/sws/sensor_ws/install/camera_calibration:/home/sws/my_ws/install/udp_handler:/home/sws/my_ws/install/ntrip_ros:/opt/ros/humble /usr/bin/cmake /home/sws/tlr_ws/src/ros2_v4l2_camera -DCMAKE_BUILD_TYPE=Release -DAMENT_CMAKE_SYMLINK_INSTALL=1 -DCMAKE_INSTALL_PREFIX=/home/sws/tlr_ws/install/v4l2_camera
[0.221s] -- The C compiler identification is GNU 11.4.0
[0.336s] -- The CXX compiler identification is GNU 11.4.0
[0.352s] -- Detecting C compiler ABI info
[0.454s] -- Detecting C compiler ABI info - done
[0.459s] -- Check for working C compiler: /usr/lib/ccache/gcc - skipped
[0.459s] -- Detecting C compile features
[0.459s] -- Detecting C compile features - done
[0.461s] -- Detecting CXX compiler ABI info
[0.554s] -- Detecting CXX compiler ABI info - done
[0.558s] -- Check for working CXX compiler: /usr/lib/ccache/g++ - skipped
[0.558s] -- Detecting CXX compile features
[0.558s] -- Detecting CXX compile features - done
[0.580s] -- Found ament_cmake_auto: 1.3.11 (/opt/ros/humble/share/ament_cmake_auto/cmake)
[0.767s] -- Found Python3: /usr/bin/python3 (found version "3.10.12") found components: Interpreter 
[0.820s] -- Override CMake install command with custom implementation using symlinks instead of copying resources
[1.192s] -- Found rosidl_generator_c: 3.1.6 (/opt/ros/humble/share/rosidl_generator_c/cmake)
[1.215s] -- Found rosidl_adapter: 3.1.6 (/opt/ros/humble/share/rosidl_adapter/cmake)
[1.240s] -- Found rosidl_generator_cpp: 3.1.6 (/opt/ros/humble/share/rosidl_generator_cpp/cmake)
[1.283s] -- Using all available rosidl_typesupport_c: rosidl_typesupport_fastrtps_c;rosidl_typesupport_introspection_c
[1.337s] -- Using all available rosidl_typesupport_cpp: rosidl_typesupport_fastrtps_cpp;rosidl_typesupport_introspection_cpp
[1.493s] -- Found rmw_implementation_cmake: 6.1.2 (/opt/ros/humble/share/rmw_implementation_cmake/cmake)
[1.523s] -- Found rmw_cyclonedds_cpp: 1.3.4 (/opt/ros/humble/share/rmw_cyclonedds_cpp/cmake)
[1.629s] -- Using RMW implementation 'rmw_cyclonedds_cpp' as default
[1.674s] -- Looking for pthread.h
[1.801s] -- Looking for pthread.h - found
[1.801s] -- Performing Test CMAKE_HAVE_LIBC_PTHREAD
[1.915s] -- Performing Test CMAKE_HAVE_LIBC_PTHREAD - Success
[1.916s] -- Found Threads: TRUE  
[2.443s] -- Found CUDA: /usr/local/cuda (found version "12.4") 
[2.444s] -- CUDA Support is enabled in v4l2_camera
[2.521s] -- Found ament_lint_auto: 0.12.12 (/opt/ros/humble/share/ament_lint_auto/cmake)
[2.628s] -- Added test 'cppcheck' to perform static code analysis on C / C++ code
[2.629s] -- Configured cppcheck include dirs: $<BUILD_INTERFACE:/home/sws/tlr_ws/src/ros2_v4l2_camera/include>
[2.629s] -- Configured cppcheck exclude dirs and/or files: 
[2.632s] -- Added test 'cpplint' to check C / C++ code against the Google style
[2.632s] -- Configured cpplint exclude dirs and/or files: 
[2.635s] -- Added test 'flake8' to check Python code syntax and style conventions
[2.637s] -- Added test 'lint_cmake' to check CMake code style
[2.640s] -- Added test 'pep257' to check Python code against some of the docstring style conventions in PEP 257
[2.643s] -- Added test 'uncrustify' to check C / C++ code style
[2.643s] -- Configured uncrustify additional arguments: 
[2.646s] -- Added test 'xmllint' to check XML markup files
[2.653s] -- Configuring done
[2.662s] -- Generating done
[2.665s] -- Build files have been written to: /home/sws/tlr_ws/build/v4l2_camera
[2.670s] Invoked command in '/home/sws/tlr_ws/build/v4l2_camera' returned '0': CMAKE_PREFIX_PATH=${CMAKE_PREFIX_PATH}:/home/sws/autoware/install/simulator_compatibility_test:/home/sws/autoware/install/ad_api_visualizers:/home/sws/gnss_ws/install/ntrip_ros:/home/sws/sensor_ws/install/camera_calibration:/home/sws/my_ws/install/udp_handler:/home/sws/my_ws/install/ntrip_ros:/opt/ros/humble /usr/bin/cmake /home/sws/tlr_ws/src/ros2_v4l2_camera -DCMAKE_BUILD_TYPE=Release -DAMENT_CMAKE_SYMLINK_INSTALL=1 -DCMAKE_INSTALL_PREFIX=/home/sws/tlr_ws/install/v4l2_camera
[2.672s] Invoking command in '/home/sws/tlr_ws/build/v4l2_camera': CMAKE_PREFIX_PATH=${CMAKE_PREFIX_PATH}:/home/sws/autoware/install/simulator_compatibility_test:/home/sws/autoware/install/ad_api_visualizers:/home/sws/gnss_ws/install/ntrip_ros:/home/sws/sensor_ws/install/camera_calibration:/home/sws/my_ws/install/udp_handler:/home/sws/my_ws/install/ntrip_ros:/opt/ros/humble /usr/bin/cmake --build /home/sws/tlr_ws/build/v4l2_camera -- -j32 -l32
[2.748s] [ 14%] [32mBuilding CXX object CMakeFiles/v4l2_camera.dir/src/v4l2_camera.cpp.o[0m
[2.748s] [ 28%] [32mBuilding CXX object CMakeFiles/v4l2_camera.dir/src/v4l2_camera_device.cpp.o[0m
[7.783s] [ 42%] [32m[1mLinking CXX shared library libv4l2_camera.so[0m
[7.922s] [ 42%] Built target v4l2_camera
[7.965s] [ 57%] [32mBuilding CXX object CMakeFiles/v4l2_camera_compose_test.dir/src/v4l2_camera_compose_test.cpp.o[0m
[7.968s] [ 71%] [32mBuilding CXX object CMakeFiles/v4l2_camera_node.dir/src/v4l2_camera_node.cpp.o[0m
[9.697s] [ 85%] [32m[1mLinking CXX executable v4l2_camera_node[0m
[9.807s] [ 85%] Built target v4l2_camera_node
[12.637s] [100%] [32m[1mLinking CXX executable v4l2_camera_compose_test[0m
[12.765s] [100%] Built target v4l2_camera_compose_test
[12.779s] Invoked command in '/home/sws/tlr_ws/build/v4l2_camera' returned '0': CMAKE_PREFIX_PATH=${CMAKE_PREFIX_PATH}:/home/sws/autoware/install/simulator_compatibility_test:/home/sws/autoware/install/ad_api_visualizers:/home/sws/gnss_ws/install/ntrip_ros:/home/sws/sensor_ws/install/camera_calibration:/home/sws/my_ws/install/udp_handler:/home/sws/my_ws/install/ntrip_ros:/opt/ros/humble /usr/bin/cmake --build /home/sws/tlr_ws/build/v4l2_camera -- -j32 -l32
[12.793s] Invoking command in '/home/sws/tlr_ws/build/v4l2_camera': CMAKE_PREFIX_PATH=${CMAKE_PREFIX_PATH}:/home/sws/autoware/install/simulator_compatibility_test:/home/sws/autoware/install/ad_api_visualizers:/home/sws/gnss_ws/install/ntrip_ros:/home/sws/sensor_ws/install/camera_calibration:/home/sws/my_ws/install/udp_handler:/home/sws/my_ws/install/ntrip_ros:/opt/ros/humble /usr/bin/cmake --install /home/sws/tlr_ws/build/v4l2_camera
[12.805s] -- Install configuration: "Release"
[12.806s] -- Execute custom install script
[12.806s] -- Symlinking: /home/sws/tlr_ws/install/v4l2_camera/include/v4l2_camera/control.hpp
[12.818s] -- Symlinking: /home/sws/tlr_ws/install/v4l2_camera/include/v4l2_camera/fourcc.hpp
[12.830s] -- Symlinking: /home/sws/tlr_ws/install/v4l2_camera/include/v4l2_camera/image_format.hpp
[12.842s] -- Symlinking: /home/sws/tlr_ws/install/v4l2_camera/include/v4l2_camera/pixel_format.hpp
[12.854s] -- Symlinking: /home/sws/tlr_ws/install/v4l2_camera/include/v4l2_camera/rate_bound_status.hpp
[12.866s] -- Symlinking: /home/sws/tlr_ws/install/v4l2_camera/include/v4l2_camera/v4l2_camera.hpp
[12.878s] -- Symlinking: /home/sws/tlr_ws/install/v4l2_camera/include/v4l2_camera/v4l2_camera_device.hpp
[12.890s] -- Symlinking: /home/sws/tlr_ws/install/v4l2_camera/include/v4l2_camera/visibility_control.h
[12.902s] -- Symlinking: /home/sws/tlr_ws/install/v4l2_camera/share/v4l2_camera/environment/library_path.sh
[12.914s] -- Symlinking: /home/sws/tlr_ws/install/v4l2_camera/share/v4l2_camera/environment/library_path.dsv
[12.926s] -- Up-to-date symlink: /home/sws/tlr_ws/install/v4l2_camera/include/v4l2_camera/control.hpp
[12.927s] -- Up-to-date symlink: /home/sws/tlr_ws/install/v4l2_camera/include/v4l2_camera/fourcc.hpp
[12.927s] -- Up-to-date symlink: /home/sws/tlr_ws/install/v4l2_camera/include/v4l2_camera/image_format.hpp
[12.927s] -- Up-to-date symlink: /home/sws/tlr_ws/install/v4l2_camera/include/v4l2_camera/pixel_format.hpp
[12.927s] -- Up-to-date symlink: /home/sws/tlr_ws/install/v4l2_camera/include/v4l2_camera/rate_bound_status.hpp
[12.927s] -- Up-to-date symlink: /home/sws/tlr_ws/install/v4l2_camera/include/v4l2_camera/v4l2_camera.hpp
[12.927s] -- Up-to-date symlink: /home/sws/tlr_ws/install/v4l2_camera/include/v4l2_camera/v4l2_camera_device.hpp
[12.927s] -- Up-to-date symlink: /home/sws/tlr_ws/install/v4l2_camera/include/v4l2_camera/visibility_control.h
[12.927s] -- Symlinking: /home/sws/tlr_ws/install/v4l2_camera/share/v4l2_camera/launch/v4l2_camera.launch.py
[12.939s] -- Symlinking: /home/sws/tlr_ws/install/v4l2_camera/share/ament_index/resource_index/package_run_dependencies/v4l2_camera
[12.951s] -- Symlinking: /home/sws/tlr_ws/install/v4l2_camera/share/ament_index/resource_index/parent_prefix_path/v4l2_camera
[12.963s] -- Symlinking: /home/sws/tlr_ws/install/v4l2_camera/share/v4l2_camera/environment/ament_prefix_path.sh
[12.975s] -- Symlinking: /home/sws/tlr_ws/install/v4l2_camera/share/v4l2_camera/environment/ament_prefix_path.dsv
[12.987s] -- Symlinking: /home/sws/tlr_ws/install/v4l2_camera/share/v4l2_camera/environment/path.sh
[12.999s] -- Symlinking: /home/sws/tlr_ws/install/v4l2_camera/share/v4l2_camera/environment/path.dsv
[13.011s] -- Symlinking: /home/sws/tlr_ws/install/v4l2_camera/share/v4l2_camera/local_setup.bash
[13.023s] -- Symlinking: /home/sws/tlr_ws/install/v4l2_camera/share/v4l2_camera/local_setup.sh
[13.036s] -- Symlinking: /home/sws/tlr_ws/install/v4l2_camera/share/v4l2_camera/local_setup.zsh
[13.048s] -- Symlinking: /home/sws/tlr_ws/install/v4l2_camera/share/v4l2_camera/local_setup.dsv
[13.060s] -- Symlinking: /home/sws/tlr_ws/install/v4l2_camera/share/v4l2_camera/package.dsv
[13.073s] -- Symlinking: /home/sws/tlr_ws/install/v4l2_camera/share/ament_index/resource_index/packages/v4l2_camera
[13.085s] -- Symlinking: /home/sws/tlr_ws/install/v4l2_camera/share/ament_index/resource_index/rclcpp_components/v4l2_camera
[13.100s] -- Symlinking: /home/sws/tlr_ws/install/v4l2_camera/share/v4l2_camera/cmake/ament_cmake_export_include_directories-extras.cmake
[13.112s] -- Symlinking: /home/sws/tlr_ws/install/v4l2_camera/share/v4l2_camera/cmake/ament_cmake_export_targets-extras.cmake
[13.130s] -- Symlinking: /home/sws/tlr_ws/install/v4l2_camera/share/v4l2_camera/cmake/ament_cmake_export_libraries-extras.cmake
[13.144s] -- Symlinking: /home/sws/tlr_ws/install/v4l2_camera/share/v4l2_camera/cmake/ament_cmake_export_dependencies-extras.cmake
[13.158s] -- Symlinking: /home/sws/tlr_ws/install/v4l2_camera/share/v4l2_camera/cmake/v4l2_cameraConfig.cmake
[13.171s] -- Symlinking: /home/sws/tlr_ws/install/v4l2_camera/share/v4l2_camera/cmake/v4l2_cameraConfig-version.cmake
[13.185s] -- Symlinking: /home/sws/tlr_ws/install/v4l2_camera/share/v4l2_camera/package.xml
[13.201s] -- Installing: /home/sws/tlr_ws/install/v4l2_camera/lib/libv4l2_camera.so
[13.202s] -- Set runtime path of "/home/sws/tlr_ws/install/v4l2_camera/lib/libv4l2_camera.so" to ""
[13.202s] -- Installing: /home/sws/tlr_ws/install/v4l2_camera/lib/v4l2_camera/v4l2_camera_node
[13.202s] -- Set runtime path of "/home/sws/tlr_ws/install/v4l2_camera/lib/v4l2_camera/v4l2_camera_node" to ""
[13.202s] -- Installing: /home/sws/tlr_ws/install/v4l2_camera/lib/v4l2_camera/v4l2_camera_compose_test
[13.203s] -- Set runtime path of "/home/sws/tlr_ws/install/v4l2_camera/lib/v4l2_camera/v4l2_camera_compose_test" to ""
[13.203s] -- Installing: /home/sws/tlr_ws/install/v4l2_camera/share/v4l2_camera/cmake/export_v4l2_cameraExport.cmake
[13.203s] -- Installing: /home/sws/tlr_ws/install/v4l2_camera/share/v4l2_camera/cmake/export_v4l2_cameraExport-release.cmake
[13.204s] Invoked command in '/home/sws/tlr_ws/build/v4l2_camera' returned '0': CMAKE_PREFIX_PATH=${CMAKE_PREFIX_PATH}:/home/sws/autoware/install/simulator_compatibility_test:/home/sws/autoware/install/ad_api_visualizers:/home/sws/gnss_ws/install/ntrip_ros:/home/sws/sensor_ws/install/camera_calibration:/home/sws/my_ws/install/udp_handler:/home/sws/my_ws/install/ntrip_ros:/opt/ros/humble /usr/bin/cmake --install /home/sws/tlr_ws/build/v4l2_camera
