[0.020s] Invoking command in '/home/sws/tlr_ws/build/v4l2_camera': CMAKE_PREFIX_PATH=${CMAKE_PREFIX_PATH}:/home/sws/autoware/install/simulator_compatibility_test:/home/sws/autoware/install/ad_api_visualizers:/home/sws/gnss_ws/install/ntrip_ros:/home/sws/sensor_ws/install/camera_calibration:/home/sws/my_ws/install/udp_handler:/home/sws/my_ws/install/ntrip_ros:/opt/ros/humble /usr/bin/cmake /home/sws/tlr_ws/src/ros2_v4l2_camera -DCMAKE_INSTALL_PREFIX=/home/sws/tlr_ws/install/v4l2_camera
[0.035s] -- Found ament_cmake_auto: 1.3.11 (/opt/ros/humble/share/ament_cmake_auto/cmake)
[0.145s] -- Override CMake install command with custom implementation using symlinks instead of copying resources
[0.212s] -- Found rosidl_generator_c: 3.1.6 (/opt/ros/humble/share/rosidl_generator_c/cmake)
[0.213s] -- Found rosidl_adapter: 3.1.6 (/opt/ros/humble/share/rosidl_adapter/cmake)
[0.216s] -- Found rosidl_generator_cpp: 3.1.6 (/opt/ros/humble/share/rosidl_generator_cpp/cmake)
[0.235s] -- Using all available rosidl_typesupport_c: rosidl_typesupport_fastrtps_c;rosidl_typesupport_introspection_c
[0.257s] -- Using all available rosidl_typesupport_cpp: rosidl_typesupport_fastrtps_cpp;rosidl_typesupport_introspection_cpp
[0.288s] -- Found rmw_implementation_cmake: 6.1.2 (/opt/ros/humble/share/rmw_implementation_cmake/cmake)
[0.304s] -- Found rmw_cyclonedds_cpp: 1.3.4 (/opt/ros/humble/share/rmw_cyclonedds_cpp/cmake)
[0.328s] -- Using RMW implementation 'rmw_cyclonedds_cpp' as default
[0.445s] -- CUDA Support is enabled in v4l2_camera
[0.512s] -- Found ament_lint_auto: 0.12.12 (/opt/ros/humble/share/ament_lint_auto/cmake)
[0.518s] -- Added test 'cppcheck' to perform static code analysis on C / C++ code
[0.518s] -- Configured cppcheck include dirs: $<BUILD_INTERFACE:/home/sws/tlr_ws/src/ros2_v4l2_camera/include>
[0.518s] -- Configured cppcheck exclude dirs and/or files: 
[0.519s] -- Added test 'cpplint' to check C / C++ code against the Google style
[0.519s] -- Configured cpplint exclude dirs and/or files: 
[0.519s] -- Added test 'flake8' to check Python code syntax and style conventions
[0.519s] -- Added test 'lint_cmake' to check CMake code style
[0.519s] -- Added test 'pep257' to check Python code against some of the docstring style conventions in PEP 257
[0.520s] -- Added test 'uncrustify' to check C / C++ code style
[0.520s] -- Configured uncrustify additional arguments: 
[0.521s] -- Added test 'xmllint' to check XML markup files
[0.522s] -- Configuring done
[0.530s] -- Generating done
[0.533s] -- Build files have been written to: /home/sws/tlr_ws/build/v4l2_camera
[0.537s] Invoked command in '/home/sws/tlr_ws/build/v4l2_camera' returned '0': CMAKE_PREFIX_PATH=${CMAKE_PREFIX_PATH}:/home/sws/autoware/install/simulator_compatibility_test:/home/sws/autoware/install/ad_api_visualizers:/home/sws/gnss_ws/install/ntrip_ros:/home/sws/sensor_ws/install/camera_calibration:/home/sws/my_ws/install/udp_handler:/home/sws/my_ws/install/ntrip_ros:/opt/ros/humble /usr/bin/cmake /home/sws/tlr_ws/src/ros2_v4l2_camera -DCMAKE_INSTALL_PREFIX=/home/sws/tlr_ws/install/v4l2_camera
[0.537s] Invoking command in '/home/sws/tlr_ws/build/v4l2_camera': CMAKE_PREFIX_PATH=${CMAKE_PREFIX_PATH}:/home/sws/autoware/install/simulator_compatibility_test:/home/sws/autoware/install/ad_api_visualizers:/home/sws/gnss_ws/install/ntrip_ros:/home/sws/sensor_ws/install/camera_calibration:/home/sws/my_ws/install/udp_handler:/home/sws/my_ws/install/ntrip_ros:/opt/ros/humble /usr/bin/cmake --build /home/sws/tlr_ws/build/v4l2_camera -- -j32 -l32
[0.605s] Consolidate compiler generated dependencies of target v4l2_camera
[0.626s] [ 42%] Built target v4l2_camera
[0.646s] Consolidate compiler generated dependencies of target v4l2_camera_node
[0.648s] Consolidate compiler generated dependencies of target v4l2_camera_compose_test
[0.666s] [ 71%] Built target v4l2_camera_node
[0.668s] [100%] Built target v4l2_camera_compose_test
[0.680s] Invoked command in '/home/sws/tlr_ws/build/v4l2_camera' returned '0': CMAKE_PREFIX_PATH=${CMAKE_PREFIX_PATH}:/home/sws/autoware/install/simulator_compatibility_test:/home/sws/autoware/install/ad_api_visualizers:/home/sws/gnss_ws/install/ntrip_ros:/home/sws/sensor_ws/install/camera_calibration:/home/sws/my_ws/install/udp_handler:/home/sws/my_ws/install/ntrip_ros:/opt/ros/humble /usr/bin/cmake --build /home/sws/tlr_ws/build/v4l2_camera -- -j32 -l32
[0.695s] Invoking command in '/home/sws/tlr_ws/build/v4l2_camera': CMAKE_PREFIX_PATH=${CMAKE_PREFIX_PATH}:/home/sws/autoware/install/simulator_compatibility_test:/home/sws/autoware/install/ad_api_visualizers:/home/sws/gnss_ws/install/ntrip_ros:/home/sws/sensor_ws/install/camera_calibration:/home/sws/my_ws/install/udp_handler:/home/sws/my_ws/install/ntrip_ros:/opt/ros/humble /usr/bin/cmake --install /home/sws/tlr_ws/build/v4l2_camera
[0.706s] -- Install configuration: "Release"
[0.706s] -- Execute custom install script
[0.706s] -- Up-to-date symlink: /home/sws/tlr_ws/install/v4l2_camera/include/v4l2_camera/control.hpp
[0.706s] -- Up-to-date symlink: /home/sws/tlr_ws/install/v4l2_camera/include/v4l2_camera/fourcc.hpp
[0.706s] -- Up-to-date symlink: /home/sws/tlr_ws/install/v4l2_camera/include/v4l2_camera/image_format.hpp
[0.707s] -- Up-to-date symlink: /home/sws/tlr_ws/install/v4l2_camera/include/v4l2_camera/pixel_format.hpp
[0.707s] -- Up-to-date symlink: /home/sws/tlr_ws/install/v4l2_camera/include/v4l2_camera/rate_bound_status.hpp
[0.707s] -- Up-to-date symlink: /home/sws/tlr_ws/install/v4l2_camera/include/v4l2_camera/v4l2_camera.hpp
[0.707s] -- Up-to-date symlink: /home/sws/tlr_ws/install/v4l2_camera/include/v4l2_camera/v4l2_camera_device.hpp
[0.707s] -- Up-to-date symlink: /home/sws/tlr_ws/install/v4l2_camera/include/v4l2_camera/visibility_control.h
[0.707s] -- Up-to-date symlink: /home/sws/tlr_ws/install/v4l2_camera/share/v4l2_camera/environment/library_path.sh
[0.707s] -- Up-to-date symlink: /home/sws/tlr_ws/install/v4l2_camera/share/v4l2_camera/environment/library_path.dsv
[0.707s] -- Up-to-date symlink: /home/sws/tlr_ws/install/v4l2_camera/include/v4l2_camera/control.hpp
[0.707s] -- Up-to-date symlink: /home/sws/tlr_ws/install/v4l2_camera/include/v4l2_camera/fourcc.hpp
[0.707s] -- Up-to-date symlink: /home/sws/tlr_ws/install/v4l2_camera/include/v4l2_camera/image_format.hpp
[0.707s] -- Up-to-date symlink: /home/sws/tlr_ws/install/v4l2_camera/include/v4l2_camera/pixel_format.hpp
[0.707s] -- Up-to-date symlink: /home/sws/tlr_ws/install/v4l2_camera/include/v4l2_camera/rate_bound_status.hpp
[0.707s] -- Up-to-date symlink: /home/sws/tlr_ws/install/v4l2_camera/include/v4l2_camera/v4l2_camera.hpp
[0.707s] -- Up-to-date symlink: /home/sws/tlr_ws/install/v4l2_camera/include/v4l2_camera/v4l2_camera_device.hpp
[0.707s] -- Up-to-date symlink: /home/sws/tlr_ws/install/v4l2_camera/include/v4l2_camera/visibility_control.h
[0.707s] -- Up-to-date symlink: /home/sws/tlr_ws/install/v4l2_camera/share/v4l2_camera/launch/v4l2_camera.launch.py
[0.707s] -- Up-to-date symlink: /home/sws/tlr_ws/install/v4l2_camera/share/ament_index/resource_index/package_run_dependencies/v4l2_camera
[0.707s] -- Up-to-date symlink: /home/sws/tlr_ws/install/v4l2_camera/share/ament_index/resource_index/parent_prefix_path/v4l2_camera
[0.707s] -- Up-to-date symlink: /home/sws/tlr_ws/install/v4l2_camera/share/v4l2_camera/environment/ament_prefix_path.sh
[0.707s] -- Up-to-date symlink: /home/sws/tlr_ws/install/v4l2_camera/share/v4l2_camera/environment/ament_prefix_path.dsv
[0.707s] -- Up-to-date symlink: /home/sws/tlr_ws/install/v4l2_camera/share/v4l2_camera/environment/path.sh
[0.708s] -- Up-to-date symlink: /home/sws/tlr_ws/install/v4l2_camera/share/v4l2_camera/environment/path.dsv
[0.708s] -- Up-to-date symlink: /home/sws/tlr_ws/install/v4l2_camera/share/v4l2_camera/local_setup.bash
[0.708s] -- Up-to-date symlink: /home/sws/tlr_ws/install/v4l2_camera/share/v4l2_camera/local_setup.sh
[0.708s] -- Up-to-date symlink: /home/sws/tlr_ws/install/v4l2_camera/share/v4l2_camera/local_setup.zsh
[0.708s] -- Up-to-date symlink: /home/sws/tlr_ws/install/v4l2_camera/share/v4l2_camera/local_setup.dsv
[0.708s] -- Symlinking: /home/sws/tlr_ws/install/v4l2_camera/share/v4l2_camera/package.dsv
[0.719s] -- Up-to-date symlink: /home/sws/tlr_ws/install/v4l2_camera/share/ament_index/resource_index/packages/v4l2_camera
[0.719s] -- Up-to-date symlink: /home/sws/tlr_ws/install/v4l2_camera/share/ament_index/resource_index/rclcpp_components/v4l2_camera
[0.719s] -- Up-to-date symlink: /home/sws/tlr_ws/install/v4l2_camera/share/v4l2_camera/cmake/ament_cmake_export_include_directories-extras.cmake
[0.719s] -- Up-to-date symlink: /home/sws/tlr_ws/install/v4l2_camera/share/v4l2_camera/cmake/ament_cmake_export_targets-extras.cmake
[0.719s] -- Up-to-date symlink: /home/sws/tlr_ws/install/v4l2_camera/share/v4l2_camera/cmake/ament_cmake_export_libraries-extras.cmake
[0.719s] -- Up-to-date symlink: /home/sws/tlr_ws/install/v4l2_camera/share/v4l2_camera/cmake/ament_cmake_export_dependencies-extras.cmake
[0.719s] -- Up-to-date symlink: /home/sws/tlr_ws/install/v4l2_camera/share/v4l2_camera/cmake/v4l2_cameraConfig.cmake
[0.719s] -- Up-to-date symlink: /home/sws/tlr_ws/install/v4l2_camera/share/v4l2_camera/cmake/v4l2_cameraConfig-version.cmake
[0.719s] -- Up-to-date symlink: /home/sws/tlr_ws/install/v4l2_camera/share/v4l2_camera/package.xml
[0.719s] -- Up-to-date: /home/sws/tlr_ws/install/v4l2_camera/lib/libv4l2_camera.so
[0.719s] -- Up-to-date: /home/sws/tlr_ws/install/v4l2_camera/lib/v4l2_camera/v4l2_camera_node
[0.720s] -- Up-to-date: /home/sws/tlr_ws/install/v4l2_camera/lib/v4l2_camera/v4l2_camera_compose_test
[0.720s] -- Up-to-date: /home/sws/tlr_ws/install/v4l2_camera/share/v4l2_camera/cmake/export_v4l2_cameraExport.cmake
[0.720s] -- Up-to-date: /home/sws/tlr_ws/install/v4l2_camera/share/v4l2_camera/cmake/export_v4l2_cameraExport-release.cmake
[0.720s] Invoked command in '/home/sws/tlr_ws/build/v4l2_camera' returned '0': CMAKE_PREFIX_PATH=${CMAKE_PREFIX_PATH}:/home/sws/autoware/install/simulator_compatibility_test:/home/sws/autoware/install/ad_api_visualizers:/home/sws/gnss_ws/install/ntrip_ros:/home/sws/sensor_ws/install/camera_calibration:/home/sws/my_ws/install/udp_handler:/home/sws/my_ws/install/ntrip_ros:/opt/ros/humble /usr/bin/cmake --install /home/sws/tlr_ws/build/v4l2_camera
