-- Found ament_cmake: 1.3.11 (/opt/ros/humble/share/ament_cmake/cmake)
-- Override CMake install command with custom implementation using symlinks instead of copying resources
-- Found rclcpp: 16.0.12 (/opt/ros/humble/share/rclcpp/cmake)
-- Found rosidl_generator_c: 3.1.6 (/opt/ros/humble/share/rosidl_generator_c/cmake)
-- Found rosidl_adapter: 3.1.6 (/opt/ros/humble/share/rosidl_adapter/cmake)
-- Found rosidl_generator_cpp: 3.1.6 (/opt/ros/humble/share/rosidl_generator_cpp/cmake)
-- Using all available rosidl_typesupport_c: rosidl_typesupport_fastrtps_c;rosidl_typesupport_introspection_c
-- Using all available rosidl_typesupport_cpp: rosidl_typesupport_fastrtps_cpp;rosidl_typesupport_introspection_cpp
-- Found rmw_implementation_cmake: 6.1.2 (/opt/ros/humble/share/rmw_implementation_cmake/cmake)
-- Found rmw_cyclonedds_cpp: 1.3.4 (/opt/ros/humble/share/rmw_cyclonedds_cpp/cmake)
-- Using RMW implementation 'rmw_cyclonedds_cpp' as default
-- Found rclpy: 3.3.16 (/opt/ros/humble/share/rclpy/cmake)
-- Found geometry_msgs: 4.9.0 (/opt/ros/humble/share/geometry_msgs/cmake)
-- Found sensor_msgs: 4.8.0 (/opt/ros/humble/share/sensor_msgs/cmake)
-- Found vision_msgs: 4.1.1 (/opt/ros/humble/share/vision_msgs/cmake)
-- Found visualization_msgs: 4.8.0 (/opt/ros/humble/share/visualization_msgs/cmake)
-- Found rosidl_default_generators: 1.2.0 (/opt/ros/humble/share/rosidl_default_generators/cmake)
-- Found cv_bridge: 3.2.1 (/opt/ros/humble/share/cv_bridge/cmake)
-- Found image_geometry: 3.2.1 (/opt/ros/humble/share/image_geometry/cmake)
-- Found message_filters: 4.3.6 (/opt/ros/humble/share/message_filters/cmake)
-- Found pcl_conversions: 2.4.5 (/opt/ros/humble/share/pcl_conversions/cmake)
-- Eigen found (include: /usr/include/eigen3, version: 3.4.0)
-- FLANN found (include: /usr/include, lib: /usr/lib/x86_64-linux-gnu/libflann_cpp.so)
-- OpenNI found (version: 1.5.4.0, include: /usr/include/ni, lib: /usr/lib/libOpenNI.so;libusb::libusb)
-- OpenNI2 found (version: 2.2.0.33, include: /usr/include/openni2, lib: /usr/lib/x86_64-linux-gnu/libOpenNI2.so;libusb::libusb)
-- Eigen found (include: /usr/include/eigen3, version: 3.4.0)
-- OpenNI found (version: 1.5.4.0, include: /usr/include/ni, lib: /usr/lib/libOpenNI.so;libusb::libusb)
-- OpenNI2 found (version: 2.2.0.33, include: /usr/include/openni2, lib: /usr/lib/x86_64-linux-gnu/libOpenNI2.so;libusb::libusb)
-- Found Qhull version 8.0.2
-- OpenNI found (version: 1.5.4.0, include: /usr/include/ni, lib: /usr/lib/libOpenNI.so;libusb::libusb)
-- Found pcl_ros: 2.4.5 (/opt/ros/humble/share/pcl_ros/cmake)
-- Found eigen3_cmake_module: 0.1.1 (/opt/ros/humble/share/eigen3_cmake_module/cmake)
-- Ensuring Eigen3 include directory is part of orocos-kdl CMake target
-- Found tf2_eigen: 0.25.12 (/opt/ros/humble/share/tf2_eigen/cmake)
-- Found ament_cmake_ros: 0.10.0 (/opt/ros/humble/share/ament_cmake_ros/cmake)
-- Using all available rosidl_typesupport_c: rosidl_typesupport_fastrtps_c;rosidl_typesupport_introspection_c
-- Using all available rosidl_typesupport_cpp: rosidl_typesupport_fastrtps_cpp;rosidl_typesupport_introspection_cpp
-- Found python_cmake_module: 0.10.0 (/opt/ros/humble/share/python_cmake_module/cmake)
-- Using PYTHON_EXECUTABLE: /usr/bin/python3
-- Using PYTHON_INCLUDE_DIRS: /usr/include/python3.10
-- Using PYTHON_LIBRARIES: /usr/lib/x86_64-linux-gnu/libpython3.10.so
-- Configuring done
-- Generating done
-- Build files have been written to: /home/sws/tlr_ws/build/ultralytics_ros
Consolidate compiler generated dependencies of target ultralytics_ros__rosidl_generator_c
[  3%] Built target ultralytics_ros__cpp
[ 12%] Built target ultralytics_ros__rosidl_generator_c
[ 12%] Built target ament_cmake_python_symlink_ultralytics_ros
Consolidate compiler generated dependencies of target ultralytics_ros__rosidl_typesupport_fastrtps_c
Consolidate compiler generated dependencies of target ultralytics_ros__rosidl_typesupport_introspection_c
Consolidate compiler generated dependencies of target ultralytics_ros__rosidl_typesupport_introspection_cpp
Consolidate compiler generated dependencies of target ultralytics_ros__rosidl_typesupport_c
Consolidate compiler generated dependencies of target ultralytics_ros__rosidl_typesupport_fastrtps_cpp
Consolidate compiler generated dependencies of target ultralytics_ros__rosidl_typesupport_cpp
[ 27%] Built target ultralytics_ros__rosidl_typesupport_introspection_c
[ 30%] Built target ultralytics_ros__rosidl_typesupport_fastrtps_c
[ 39%] Built target ultralytics_ros__rosidl_typesupport_introspection_cpp
[ 48%] Built target ultralytics_ros__rosidl_typesupport_c
[ 57%] Built target ultralytics_ros__rosidl_typesupport_fastrtps_cpp
[ 66%] Built target ultralytics_ros__rosidl_typesupport_cpp
Consolidate compiler generated dependencies of target tracker_with_cloud_node
[ 66%] Built target ultralytics_ros
[ 72%] Built target tracker_with_cloud_node
[ 75%] Built target ultralytics_ros__py
Consolidate compiler generated dependencies of target ultralytics_ros__rosidl_generator_py
[ 81%] Built target ultralytics_ros__rosidl_generator_py
running egg_info
writing ultralytics_ros.egg-info/PKG-INFO
writing dependency_links to ultralytics_ros.egg-info/dependency_links.txt
writing top-level names to ultralytics_ros.egg-info/top_level.txt
reading manifest file 'ultralytics_ros.egg-info/SOURCES.txt'
writing manifest file 'ultralytics_ros.egg-info/SOURCES.txt'
Consolidate compiler generated dependencies of target ultralytics_ros__rosidl_typesupport_c__pyext
Consolidate compiler generated dependencies of target ultralytics_ros__rosidl_typesupport_introspection_c__pyext
Consolidate compiler generated dependencies of target ultralytics_ros__rosidl_typesupport_fastrtps_c__pyext
[ 81%] Built target ament_cmake_python_build_ultralytics_ros_egg
[ 87%] Built target ultralytics_ros__rosidl_typesupport_introspection_c__pyext
[ 93%] Built target ultralytics_ros__rosidl_typesupport_c__pyext
[100%] Built target ultralytics_ros__rosidl_typesupport_fastrtps_c__pyext
-- Install configuration: "Release"
-- Execute custom install script
-- Up-to-date symlink: /home/sws/tlr_ws/install/ultralytics_ros/share/ament_index/resource_index/rosidl_interfaces/ultralytics_ros
-- Up-to-date symlink: /home/sws/tlr_ws/install/ultralytics_ros/include/ultralytics_ros/ultralytics_ros/msg/detail/yolo_result__functions.h
-- Up-to-date symlink: /home/sws/tlr_ws/install/ultralytics_ros/include/ultralytics_ros/ultralytics_ros/msg/detail/yolo_result__struct.h
-- Up-to-date symlink: /home/sws/tlr_ws/install/ultralytics_ros/include/ultralytics_ros/ultralytics_ros/msg/detail/yolo_result__type_support.h
-- Up-to-date symlink: /home/sws/tlr_ws/install/ultralytics_ros/include/ultralytics_ros/ultralytics_ros/msg/rosidl_generator_c__visibility_control.h
-- Up-to-date symlink: /home/sws/tlr_ws/install/ultralytics_ros/include/ultralytics_ros/ultralytics_ros/msg/yolo_result.h
-- Up-to-date symlink: /home/sws/tlr_ws/install/ultralytics_ros/share/ultralytics_ros/environment/library_path.sh
-- Up-to-date symlink: /home/sws/tlr_ws/install/ultralytics_ros/share/ultralytics_ros/environment/library_path.dsv
-- Up-to-date symlink: /home/sws/tlr_ws/install/ultralytics_ros/include/ultralytics_ros/ultralytics_ros/msg/detail/yolo_result__rosidl_typesupport_fastrtps_c.h
-- Up-to-date symlink: /home/sws/tlr_ws/install/ultralytics_ros/include/ultralytics_ros/ultralytics_ros/msg/rosidl_typesupport_fastrtps_c__visibility_control.h
-- Up-to-date symlink: /home/sws/tlr_ws/install/ultralytics_ros/include/ultralytics_ros/ultralytics_ros/msg/detail/yolo_result__builder.hpp
-- Up-to-date symlink: /home/sws/tlr_ws/install/ultralytics_ros/include/ultralytics_ros/ultralytics_ros/msg/detail/yolo_result__struct.hpp
-- Up-to-date symlink: /home/sws/tlr_ws/install/ultralytics_ros/include/ultralytics_ros/ultralytics_ros/msg/detail/yolo_result__traits.hpp
-- Up-to-date symlink: /home/sws/tlr_ws/install/ultralytics_ros/include/ultralytics_ros/ultralytics_ros/msg/detail/yolo_result__type_support.hpp
-- Up-to-date symlink: /home/sws/tlr_ws/install/ultralytics_ros/include/ultralytics_ros/ultralytics_ros/msg/rosidl_generator_cpp__visibility_control.hpp
-- Up-to-date symlink: /home/sws/tlr_ws/install/ultralytics_ros/include/ultralytics_ros/ultralytics_ros/msg/yolo_result.hpp
-- Up-to-date symlink: /home/sws/tlr_ws/install/ultralytics_ros/include/ultralytics_ros/ultralytics_ros/msg/detail/yolo_result__rosidl_typesupport_fastrtps_cpp.hpp
-- Up-to-date symlink: /home/sws/tlr_ws/install/ultralytics_ros/include/ultralytics_ros/ultralytics_ros/msg/rosidl_typesupport_fastrtps_cpp__visibility_control.h
-- Up-to-date symlink: /home/sws/tlr_ws/install/ultralytics_ros/include/ultralytics_ros/ultralytics_ros/msg/detail/yolo_result__rosidl_typesupport_introspection_c.h
-- Up-to-date symlink: /home/sws/tlr_ws/install/ultralytics_ros/include/ultralytics_ros/ultralytics_ros/msg/rosidl_typesupport_introspection_c__visibility_control.h
-- Up-to-date symlink: /home/sws/tlr_ws/install/ultralytics_ros/include/ultralytics_ros/ultralytics_ros/msg/detail/yolo_result__rosidl_typesupport_introspection_cpp.hpp
-- Up-to-date symlink: /home/sws/tlr_ws/install/ultralytics_ros/share/ultralytics_ros/environment/pythonpath.sh
-- Up-to-date symlink: /home/sws/tlr_ws/install/ultralytics_ros/share/ultralytics_ros/environment/pythonpath.dsv
-- Up-to-date symlink: /home/sws/tlr_ws/install/ultralytics_ros/local/lib/python3.10/dist-packages/ultralytics_ros-0.0.0-py3.10.egg-info/PKG-INFO
-- Up-to-date symlink: /home/sws/tlr_ws/install/ultralytics_ros/local/lib/python3.10/dist-packages/ultralytics_ros-0.0.0-py3.10.egg-info/SOURCES.txt
-- Up-to-date symlink: /home/sws/tlr_ws/install/ultralytics_ros/local/lib/python3.10/dist-packages/ultralytics_ros-0.0.0-py3.10.egg-info/dependency_links.txt
-- Up-to-date symlink: /home/sws/tlr_ws/install/ultralytics_ros/local/lib/python3.10/dist-packages/ultralytics_ros-0.0.0-py3.10.egg-info/top_level.txt
-- Up-to-date symlink: /home/sws/tlr_ws/install/ultralytics_ros/local/lib/python3.10/dist-packages/ultralytics_ros/__init__.py
-- Up-to-date symlink: /home/sws/tlr_ws/install/ultralytics_ros/local/lib/python3.10/dist-packages/ultralytics_ros/_ultralytics_ros_s.ep.rosidl_typesupport_c.c
-- Up-to-date symlink: /home/sws/tlr_ws/install/ultralytics_ros/local/lib/python3.10/dist-packages/ultralytics_ros/_ultralytics_ros_s.ep.rosidl_typesupport_fastrtps_c.c
-- Up-to-date symlink: /home/sws/tlr_ws/install/ultralytics_ros/local/lib/python3.10/dist-packages/ultralytics_ros/_ultralytics_ros_s.ep.rosidl_typesupport_introspection_c.c
-- Up-to-date symlink: /home/sws/tlr_ws/install/ultralytics_ros/local/lib/python3.10/dist-packages/ultralytics_ros/libultralytics_ros__rosidl_generator_py.so
-- Up-to-date symlink: /home/sws/tlr_ws/install/ultralytics_ros/local/lib/python3.10/dist-packages/ultralytics_ros/msg/__init__.py
-- Up-to-date symlink: /home/sws/tlr_ws/install/ultralytics_ros/local/lib/python3.10/dist-packages/ultralytics_ros/msg/_yolo_result.py
-- Up-to-date symlink: /home/sws/tlr_ws/install/ultralytics_ros/local/lib/python3.10/dist-packages/ultralytics_ros/msg/_yolo_result_s.c
-- Up-to-date symlink: /home/sws/tlr_ws/install/ultralytics_ros/local/lib/python3.10/dist-packages/ultralytics_ros/ultralytics_ros_s__rosidl_typesupport_c.cpython-310-x86_64-linux-gnu.so
-- Up-to-date symlink: /home/sws/tlr_ws/install/ultralytics_ros/local/lib/python3.10/dist-packages/ultralytics_ros/ultralytics_ros_s__rosidl_typesupport_fastrtps_c.cpython-310-x86_64-linux-gnu.so
-- Up-to-date symlink: /home/sws/tlr_ws/install/ultralytics_ros/local/lib/python3.10/dist-packages/ultralytics_ros/ultralytics_ros_s__rosidl_typesupport_introspection_c.cpython-310-x86_64-linux-gnu.so
-- Up-to-date symlink: /home/sws/tlr_ws/install/ultralytics_ros/local/lib/python3.10/dist-packages/ultralytics_ros/ultralytics_ros_s__rosidl_typesupport_fastrtps_c.cpython-310-x86_64-linux-gnu.so
-- Up-to-date symlink: /home/sws/tlr_ws/install/ultralytics_ros/local/lib/python3.10/dist-packages/ultralytics_ros/ultralytics_ros_s__rosidl_typesupport_introspection_c.cpython-310-x86_64-linux-gnu.so
-- Up-to-date symlink: /home/sws/tlr_ws/install/ultralytics_ros/local/lib/python3.10/dist-packages/ultralytics_ros/ultralytics_ros_s__rosidl_typesupport_c.cpython-310-x86_64-linux-gnu.so
-- Up-to-date symlink: /home/sws/tlr_ws/install/ultralytics_ros/share/ultralytics_ros/msg/YoloResult.idl
-- Up-to-date symlink: /home/sws/tlr_ws/install/ultralytics_ros/share/ultralytics_ros/msg/YoloResult.msg
-- Up-to-date symlink: /home/sws/tlr_ws/install/ultralytics_ros/lib/ultralytics_ros/tracker_with_cloud_node
-- Up-to-date symlink: /home/sws/tlr_ws/install/ultralytics_ros/lib/ultralytics_ros/tracker_node.py
-- Up-to-date symlink: /home/sws/tlr_ws/install/ultralytics_ros/share/ultralytics_ros/launch/kitti_tracker.launch.xml
-- Up-to-date symlink: /home/sws/tlr_ws/install/ultralytics_ros/share/ultralytics_ros/launch/kitti_tracker_with_cloud.launch.xml
-- Up-to-date symlink: /home/sws/tlr_ws/install/ultralytics_ros/share/ultralytics_ros/launch/tracker.launch.xml
-- Up-to-date symlink: /home/sws/tlr_ws/install/ultralytics_ros/share/ultralytics_ros/launch/tracker_with_cloud.launch.xml
-- Up-to-date symlink: /home/sws/tlr_ws/install/ultralytics_ros/share/ultralytics_ros/rviz2/default.rviz
-- Up-to-date symlink: /home/sws/tlr_ws/install/ultralytics_ros/share/ultralytics_ros/rviz2/kitti.rviz
-- Up-to-date symlink: /home/sws/tlr_ws/install/ultralytics_ros/share/ament_index/resource_index/package_run_dependencies/ultralytics_ros
-- Up-to-date symlink: /home/sws/tlr_ws/install/ultralytics_ros/share/ament_index/resource_index/parent_prefix_path/ultralytics_ros
-- Up-to-date symlink: /home/sws/tlr_ws/install/ultralytics_ros/share/ultralytics_ros/environment/ament_prefix_path.sh
-- Up-to-date symlink: /home/sws/tlr_ws/install/ultralytics_ros/share/ultralytics_ros/environment/ament_prefix_path.dsv
-- Up-to-date symlink: /home/sws/tlr_ws/install/ultralytics_ros/share/ultralytics_ros/environment/path.sh
-- Up-to-date symlink: /home/sws/tlr_ws/install/ultralytics_ros/share/ultralytics_ros/environment/path.dsv
-- Up-to-date symlink: /home/sws/tlr_ws/install/ultralytics_ros/share/ultralytics_ros/local_setup.bash
-- Up-to-date symlink: /home/sws/tlr_ws/install/ultralytics_ros/share/ultralytics_ros/local_setup.sh
-- Up-to-date symlink: /home/sws/tlr_ws/install/ultralytics_ros/share/ultralytics_ros/local_setup.zsh
-- Up-to-date symlink: /home/sws/tlr_ws/install/ultralytics_ros/share/ultralytics_ros/local_setup.dsv
-- Symlinking: /home/sws/tlr_ws/install/ultralytics_ros/share/ultralytics_ros/package.dsv
-- Up-to-date symlink: /home/sws/tlr_ws/install/ultralytics_ros/share/ament_index/resource_index/packages/ultralytics_ros
-- Up-to-date symlink: /home/sws/tlr_ws/install/ultralytics_ros/share/ultralytics_ros/cmake/rosidl_cmake-extras.cmake
-- Up-to-date symlink: /home/sws/tlr_ws/install/ultralytics_ros/share/ultralytics_ros/cmake/ament_cmake_export_dependencies-extras.cmake
-- Up-to-date symlink: /home/sws/tlr_ws/install/ultralytics_ros/share/ultralytics_ros/cmake/ament_cmake_export_include_directories-extras.cmake
-- Up-to-date symlink: /home/sws/tlr_ws/install/ultralytics_ros/share/ultralytics_ros/cmake/ament_cmake_export_libraries-extras.cmake
-- Up-to-date symlink: /home/sws/tlr_ws/install/ultralytics_ros/share/ultralytics_ros/cmake/ament_cmake_export_targets-extras.cmake
-- Up-to-date symlink: /home/sws/tlr_ws/install/ultralytics_ros/share/ultralytics_ros/cmake/rosidl_cmake_export_typesupport_targets-extras.cmake
-- Up-to-date symlink: /home/sws/tlr_ws/install/ultralytics_ros/share/ultralytics_ros/cmake/rosidl_cmake_export_typesupport_libraries-extras.cmake
-- Up-to-date symlink: /home/sws/tlr_ws/install/ultralytics_ros/share/ultralytics_ros/cmake/ultralytics_rosConfig.cmake
-- Up-to-date symlink: /home/sws/tlr_ws/install/ultralytics_ros/share/ultralytics_ros/cmake/ultralytics_rosConfig-version.cmake
-- Up-to-date symlink: /home/sws/tlr_ws/install/ultralytics_ros/share/ultralytics_ros/package.xml
-- Up-to-date: /home/sws/tlr_ws/install/ultralytics_ros/lib/libultralytics_ros__rosidl_generator_c.so
-- Up-to-date: /home/sws/tlr_ws/install/ultralytics_ros/lib/libultralytics_ros__rosidl_typesupport_fastrtps_c.so
-- Up-to-date: /home/sws/tlr_ws/install/ultralytics_ros/lib/libultralytics_ros__rosidl_typesupport_fastrtps_cpp.so
-- Up-to-date: /home/sws/tlr_ws/install/ultralytics_ros/lib/libultralytics_ros__rosidl_typesupport_introspection_c.so
-- Up-to-date: /home/sws/tlr_ws/install/ultralytics_ros/lib/libultralytics_ros__rosidl_typesupport_c.so
-- Up-to-date: /home/sws/tlr_ws/install/ultralytics_ros/lib/libultralytics_ros__rosidl_typesupport_introspection_cpp.so
-- Up-to-date: /home/sws/tlr_ws/install/ultralytics_ros/lib/libultralytics_ros__rosidl_typesupport_cpp.so
Listing '/home/sws/tlr_ws/install/ultralytics_ros/local/lib/python3.10/dist-packages/ultralytics_ros'...
Compiling '/home/sws/tlr_ws/install/ultralytics_ros/local/lib/python3.10/dist-packages/ultralytics_ros/__init__.py'...
Listing '/home/sws/tlr_ws/install/ultralytics_ros/local/lib/python3.10/dist-packages/ultralytics_ros/msg'...
-- Up-to-date: /home/sws/tlr_ws/install/ultralytics_ros/lib/libultralytics_ros__rosidl_generator_py.so
-- Up-to-date: /home/sws/tlr_ws/install/ultralytics_ros/share/ultralytics_ros/cmake/export_ultralytics_ros__rosidl_generator_cExport.cmake
-- Up-to-date: /home/sws/tlr_ws/install/ultralytics_ros/share/ultralytics_ros/cmake/export_ultralytics_ros__rosidl_generator_cExport-release.cmake
-- Up-to-date: /home/sws/tlr_ws/install/ultralytics_ros/share/ultralytics_ros/cmake/export_ultralytics_ros__rosidl_typesupport_fastrtps_cExport.cmake
-- Up-to-date: /home/sws/tlr_ws/install/ultralytics_ros/share/ultralytics_ros/cmake/export_ultralytics_ros__rosidl_typesupport_fastrtps_cExport-release.cmake
-- Up-to-date: /home/sws/tlr_ws/install/ultralytics_ros/share/ultralytics_ros/cmake/export_ultralytics_ros__rosidl_generator_cppExport.cmake
-- Up-to-date: /home/sws/tlr_ws/install/ultralytics_ros/share/ultralytics_ros/cmake/export_ultralytics_ros__rosidl_typesupport_fastrtps_cppExport.cmake
-- Up-to-date: /home/sws/tlr_ws/install/ultralytics_ros/share/ultralytics_ros/cmake/export_ultralytics_ros__rosidl_typesupport_fastrtps_cppExport-release.cmake
-- Up-to-date: /home/sws/tlr_ws/install/ultralytics_ros/share/ultralytics_ros/cmake/ultralytics_ros__rosidl_typesupport_introspection_cExport.cmake
-- Up-to-date: /home/sws/tlr_ws/install/ultralytics_ros/share/ultralytics_ros/cmake/ultralytics_ros__rosidl_typesupport_introspection_cExport-release.cmake
-- Up-to-date: /home/sws/tlr_ws/install/ultralytics_ros/share/ultralytics_ros/cmake/ultralytics_ros__rosidl_typesupport_cExport.cmake
-- Up-to-date: /home/sws/tlr_ws/install/ultralytics_ros/share/ultralytics_ros/cmake/ultralytics_ros__rosidl_typesupport_cExport-release.cmake
-- Up-to-date: /home/sws/tlr_ws/install/ultralytics_ros/share/ultralytics_ros/cmake/ultralytics_ros__rosidl_typesupport_introspection_cppExport.cmake
-- Up-to-date: /home/sws/tlr_ws/install/ultralytics_ros/share/ultralytics_ros/cmake/ultralytics_ros__rosidl_typesupport_introspection_cppExport-release.cmake
-- Up-to-date: /home/sws/tlr_ws/install/ultralytics_ros/share/ultralytics_ros/cmake/ultralytics_ros__rosidl_typesupport_cppExport.cmake
-- Up-to-date: /home/sws/tlr_ws/install/ultralytics_ros/share/ultralytics_ros/cmake/ultralytics_ros__rosidl_typesupport_cppExport-release.cmake
-- Up-to-date: /home/sws/tlr_ws/install/ultralytics_ros/share/ultralytics_ros/cmake/export_ultralytics_ros__rosidl_generator_pyExport.cmake
-- Up-to-date: /home/sws/tlr_ws/install/ultralytics_ros/share/ultralytics_ros/cmake/export_ultralytics_ros__rosidl_generator_pyExport-release.cmake
