[0.022s] Invoking command in '/home/sws/tlr_ws/build/ultralytics_ros': CMAKE_PREFIX_PATH=${CMAKE_PREFIX_PATH}:/home/sws/autoware/install/simulator_compatibility_test:/home/sws/autoware/install/ad_api_visualizers:/home/sws/gnss_ws/install/ntrip_ros:/home/sws/sensor_ws/install/camera_calibration:/home/sws/my_ws/install/udp_handler:/home/sws/my_ws/install/ntrip_ros:/opt/ros/humble /usr/bin/cmake /home/sws/tlr_ws/src/ultralytics_ros -DCMAKE_INSTALL_PREFIX=/home/sws/tlr_ws/install/ultralytics_ros
[0.038s] -- Found ament_cmake: 1.3.11 (/opt/ros/humble/share/ament_cmake/cmake)
[0.136s] -- Override CMake install command with custom implementation using symlinks instead of copying resources
[0.139s] -- Found rclcpp: 16.0.12 (/opt/ros/humble/share/rclcpp/cmake)
[0.159s] -- Found rosidl_generator_c: 3.1.6 (/opt/ros/humble/share/rosidl_generator_c/cmake)
[0.160s] -- Found rosidl_adapter: 3.1.6 (/opt/ros/humble/share/rosidl_adapter/cmake)
[0.164s] -- Found rosidl_generator_cpp: 3.1.6 (/opt/ros/humble/share/rosidl_generator_cpp/cmake)
[0.188s] -- Using all available rosidl_typesupport_c: rosidl_typesupport_fastrtps_c;rosidl_typesupport_introspection_c
[0.214s] -- Using all available rosidl_typesupport_cpp: rosidl_typesupport_fastrtps_cpp;rosidl_typesupport_introspection_cpp
[0.249s] -- Found rmw_implementation_cmake: 6.1.2 (/opt/ros/humble/share/rmw_implementation_cmake/cmake)
[0.266s] -- Found rmw_cyclonedds_cpp: 1.3.4 (/opt/ros/humble/share/rmw_cyclonedds_cpp/cmake)
[0.289s] -- Using RMW implementation 'rmw_cyclonedds_cpp' as default
[0.310s] -- Found rclpy: 3.3.16 (/opt/ros/humble/share/rclpy/cmake)
[0.310s] -- Found geometry_msgs: 4.9.0 (/opt/ros/humble/share/geometry_msgs/cmake)
[0.316s] -- Found sensor_msgs: 4.8.0 (/opt/ros/humble/share/sensor_msgs/cmake)
[0.323s] -- Found vision_msgs: 4.1.1 (/opt/ros/humble/share/vision_msgs/cmake)
[0.329s] -- Found visualization_msgs: 4.8.0 (/opt/ros/humble/share/visualization_msgs/cmake)
[0.338s] -- Found rosidl_default_generators: 1.2.0 (/opt/ros/humble/share/rosidl_default_generators/cmake)
[0.388s] -- Found cv_bridge: 3.2.1 (/opt/ros/humble/share/cv_bridge/cmake)
[0.392s] -- Found image_geometry: 3.2.1 (/opt/ros/humble/share/image_geometry/cmake)
[0.393s] -- Found message_filters: 4.3.6 (/opt/ros/humble/share/message_filters/cmake)
[0.394s] -- Found pcl_conversions: 2.4.5 (/opt/ros/humble/share/pcl_conversions/cmake)
[0.414s] -- Eigen found (include: /usr/include/eigen3, version: 3.4.0)
[0.450s] -- FLANN found (include: /usr/include, lib: /usr/lib/x86_64-linux-gnu/libflann_cpp.so)
[0.745s] -- OpenNI found (version: 1.5.4.0, include: /usr/include/ni, lib: /usr/lib/libOpenNI.so;libusb::libusb)
[0.751s] -- OpenNI2 found (version: 2.2.0.33, include: /usr/include/openni2, lib: /usr/lib/x86_64-linux-gnu/libOpenNI2.so;libusb::libusb)
[0.907s] -- Eigen found (include: /usr/include/eigen3, version: 3.4.0)
[0.912s] -- OpenNI found (version: 1.5.4.0, include: /usr/include/ni, lib: /usr/lib/libOpenNI.so;libusb::libusb)
[0.919s] -- OpenNI2 found (version: 2.2.0.33, include: /usr/include/openni2, lib: /usr/lib/x86_64-linux-gnu/libOpenNI2.so;libusb::libusb)
[1.065s] -- Found Qhull version 8.0.2
[1.219s] -- OpenNI found (version: 1.5.4.0, include: /usr/include/ni, lib: /usr/lib/libOpenNI.so;libusb::libusb)
[1.372s] -- Found pcl_ros: 2.4.5 (/opt/ros/humble/share/pcl_ros/cmake)
[1.379s] -- Found eigen3_cmake_module: 0.1.1 (/opt/ros/humble/share/eigen3_cmake_module/cmake)
[1.380s] -- Ensuring Eigen3 include directory is part of orocos-kdl CMake target
[1.415s] -- Found tf2_eigen: 0.25.12 (/opt/ros/humble/share/tf2_eigen/cmake)
[1.645s] -- Found ament_cmake_ros: 0.10.0 (/opt/ros/humble/share/ament_cmake_ros/cmake)
[1.990s] -- Using all available rosidl_typesupport_c: rosidl_typesupport_fastrtps_c;rosidl_typesupport_introspection_c
[2.141s] -- Using all available rosidl_typesupport_cpp: rosidl_typesupport_fastrtps_cpp;rosidl_typesupport_introspection_cpp
[2.171s] -- Found python_cmake_module: 0.10.0 (/opt/ros/humble/share/python_cmake_module/cmake)
[2.191s] -- Using PYTHON_EXECUTABLE: /usr/bin/python3
[2.191s] -- Using PYTHON_INCLUDE_DIRS: /usr/include/python3.10
[2.191s] -- Using PYTHON_LIBRARIES: /usr/lib/x86_64-linux-gnu/libpython3.10.so
[2.884s] -- Configuring done
[2.915s] -- Generating done
[2.925s] -- Build files have been written to: /home/sws/tlr_ws/build/ultralytics_ros
[2.935s] Invoked command in '/home/sws/tlr_ws/build/ultralytics_ros' returned '0': CMAKE_PREFIX_PATH=${CMAKE_PREFIX_PATH}:/home/sws/autoware/install/simulator_compatibility_test:/home/sws/autoware/install/ad_api_visualizers:/home/sws/gnss_ws/install/ntrip_ros:/home/sws/sensor_ws/install/camera_calibration:/home/sws/my_ws/install/udp_handler:/home/sws/my_ws/install/ntrip_ros:/opt/ros/humble /usr/bin/cmake /home/sws/tlr_ws/src/ultralytics_ros -DCMAKE_INSTALL_PREFIX=/home/sws/tlr_ws/install/ultralytics_ros
[2.935s] Invoking command in '/home/sws/tlr_ws/build/ultralytics_ros': CMAKE_PREFIX_PATH=${CMAKE_PREFIX_PATH}:/home/sws/autoware/install/simulator_compatibility_test:/home/sws/autoware/install/ad_api_visualizers:/home/sws/gnss_ws/install/ntrip_ros:/home/sws/sensor_ws/install/camera_calibration:/home/sws/my_ws/install/udp_handler:/home/sws/my_ws/install/ntrip_ros:/opt/ros/humble /usr/bin/cmake --build /home/sws/tlr_ws/build/ultralytics_ros -- -j32 -l32
[2.999s] Consolidate compiler generated dependencies of target ultralytics_ros__rosidl_generator_c
[3.016s] [  3%] Built target ultralytics_ros__cpp
[3.017s] [ 12%] Built target ultralytics_ros__rosidl_generator_c
[3.031s] [ 12%] Built target ament_cmake_python_symlink_ultralytics_ros
[3.036s] Consolidate compiler generated dependencies of target ultralytics_ros__rosidl_typesupport_fastrtps_c
[3.036s] Consolidate compiler generated dependencies of target ultralytics_ros__rosidl_typesupport_introspection_c
[3.037s] Consolidate compiler generated dependencies of target ultralytics_ros__rosidl_typesupport_introspection_cpp
[3.038s] Consolidate compiler generated dependencies of target ultralytics_ros__rosidl_typesupport_c
[3.042s] Consolidate compiler generated dependencies of target ultralytics_ros__rosidl_typesupport_fastrtps_cpp
[3.044s] Consolidate compiler generated dependencies of target ultralytics_ros__rosidl_typesupport_cpp
[3.057s] [ 27%] Built target ultralytics_ros__rosidl_typesupport_introspection_c
[3.057s] [ 30%] Built target ultralytics_ros__rosidl_typesupport_fastrtps_c
[3.062s] [ 39%] Built target ultralytics_ros__rosidl_typesupport_introspection_cpp
[3.062s] [ 48%] Built target ultralytics_ros__rosidl_typesupport_c
[3.066s] [ 57%] Built target ultralytics_ros__rosidl_typesupport_fastrtps_cpp
[3.068s] [ 66%] Built target ultralytics_ros__rosidl_typesupport_cpp
[3.097s] Consolidate compiler generated dependencies of target tracker_with_cloud_node
[3.109s] [ 66%] Built target ultralytics_ros
[3.128s] [ 72%] Built target tracker_with_cloud_node
[3.157s] [ 75%] Built target ultralytics_ros__py
[3.177s] Consolidate compiler generated dependencies of target ultralytics_ros__rosidl_generator_py
[3.199s] [ 81%] Built target ultralytics_ros__rosidl_generator_py
[3.209s] running egg_info
[3.210s] writing ultralytics_ros.egg-info/PKG-INFO
[3.210s] writing dependency_links to ultralytics_ros.egg-info/dependency_links.txt
[3.210s] writing top-level names to ultralytics_ros.egg-info/top_level.txt
[3.211s] reading manifest file 'ultralytics_ros.egg-info/SOURCES.txt'
[3.211s] writing manifest file 'ultralytics_ros.egg-info/SOURCES.txt'
[3.225s] Consolidate compiler generated dependencies of target ultralytics_ros__rosidl_typesupport_c__pyext
[3.225s] Consolidate compiler generated dependencies of target ultralytics_ros__rosidl_typesupport_introspection_c__pyext
[3.225s] Consolidate compiler generated dependencies of target ultralytics_ros__rosidl_typesupport_fastrtps_c__pyext
[3.243s] [ 81%] Built target ament_cmake_python_build_ultralytics_ros_egg
[3.246s] [ 87%] Built target ultralytics_ros__rosidl_typesupport_introspection_c__pyext
[3.247s] [ 93%] Built target ultralytics_ros__rosidl_typesupport_c__pyext
[3.247s] [100%] Built target ultralytics_ros__rosidl_typesupport_fastrtps_c__pyext
[3.263s] Invoked command in '/home/sws/tlr_ws/build/ultralytics_ros' returned '0': CMAKE_PREFIX_PATH=${CMAKE_PREFIX_PATH}:/home/sws/autoware/install/simulator_compatibility_test:/home/sws/autoware/install/ad_api_visualizers:/home/sws/gnss_ws/install/ntrip_ros:/home/sws/sensor_ws/install/camera_calibration:/home/sws/my_ws/install/udp_handler:/home/sws/my_ws/install/ntrip_ros:/opt/ros/humble /usr/bin/cmake --build /home/sws/tlr_ws/build/ultralytics_ros -- -j32 -l32
[3.264s] Invoking command in '/home/sws/tlr_ws/build/ultralytics_ros': CMAKE_PREFIX_PATH=${CMAKE_PREFIX_PATH}:/home/sws/autoware/install/simulator_compatibility_test:/home/sws/autoware/install/ad_api_visualizers:/home/sws/gnss_ws/install/ntrip_ros:/home/sws/sensor_ws/install/camera_calibration:/home/sws/my_ws/install/udp_handler:/home/sws/my_ws/install/ntrip_ros:/opt/ros/humble /usr/bin/cmake --install /home/sws/tlr_ws/build/ultralytics_ros
[3.275s] -- Install configuration: "Release"
[3.275s] -- Execute custom install script
[3.275s] -- Up-to-date symlink: /home/sws/tlr_ws/install/ultralytics_ros/share/ament_index/resource_index/rosidl_interfaces/ultralytics_ros
[3.275s] -- Up-to-date symlink: /home/sws/tlr_ws/install/ultralytics_ros/include/ultralytics_ros/ultralytics_ros/msg/detail/yolo_result__functions.h
[3.275s] -- Up-to-date symlink: /home/sws/tlr_ws/install/ultralytics_ros/include/ultralytics_ros/ultralytics_ros/msg/detail/yolo_result__struct.h
[3.275s] -- Up-to-date symlink: /home/sws/tlr_ws/install/ultralytics_ros/include/ultralytics_ros/ultralytics_ros/msg/detail/yolo_result__type_support.h
[3.275s] -- Up-to-date symlink: /home/sws/tlr_ws/install/ultralytics_ros/include/ultralytics_ros/ultralytics_ros/msg/rosidl_generator_c__visibility_control.h
[3.276s] -- Up-to-date symlink: /home/sws/tlr_ws/install/ultralytics_ros/include/ultralytics_ros/ultralytics_ros/msg/yolo_result.h
[3.276s] -- Up-to-date symlink: /home/sws/tlr_ws/install/ultralytics_ros/share/ultralytics_ros/environment/library_path.sh
[3.276s] -- Up-to-date symlink: /home/sws/tlr_ws/install/ultralytics_ros/share/ultralytics_ros/environment/library_path.dsv
[3.276s] -- Up-to-date symlink: /home/sws/tlr_ws/install/ultralytics_ros/include/ultralytics_ros/ultralytics_ros/msg/detail/yolo_result__rosidl_typesupport_fastrtps_c.h
[3.276s] -- Up-to-date symlink: /home/sws/tlr_ws/install/ultralytics_ros/include/ultralytics_ros/ultralytics_ros/msg/rosidl_typesupport_fastrtps_c__visibility_control.h
[3.276s] -- Up-to-date symlink: /home/sws/tlr_ws/install/ultralytics_ros/include/ultralytics_ros/ultralytics_ros/msg/detail/yolo_result__builder.hpp
[3.276s] -- Up-to-date symlink: /home/sws/tlr_ws/install/ultralytics_ros/include/ultralytics_ros/ultralytics_ros/msg/detail/yolo_result__struct.hpp
[3.276s] -- Up-to-date symlink: /home/sws/tlr_ws/install/ultralytics_ros/include/ultralytics_ros/ultralytics_ros/msg/detail/yolo_result__traits.hpp
[3.276s] -- Up-to-date symlink: /home/sws/tlr_ws/install/ultralytics_ros/include/ultralytics_ros/ultralytics_ros/msg/detail/yolo_result__type_support.hpp
[3.276s] -- Up-to-date symlink: /home/sws/tlr_ws/install/ultralytics_ros/include/ultralytics_ros/ultralytics_ros/msg/rosidl_generator_cpp__visibility_control.hpp
[3.276s] -- Up-to-date symlink: /home/sws/tlr_ws/install/ultralytics_ros/include/ultralytics_ros/ultralytics_ros/msg/yolo_result.hpp
[3.276s] -- Up-to-date symlink: /home/sws/tlr_ws/install/ultralytics_ros/include/ultralytics_ros/ultralytics_ros/msg/detail/yolo_result__rosidl_typesupport_fastrtps_cpp.hpp
[3.276s] -- Up-to-date symlink: /home/sws/tlr_ws/install/ultralytics_ros/include/ultralytics_ros/ultralytics_ros/msg/rosidl_typesupport_fastrtps_cpp__visibility_control.h
[3.276s] -- Up-to-date symlink: /home/sws/tlr_ws/install/ultralytics_ros/include/ultralytics_ros/ultralytics_ros/msg/detail/yolo_result__rosidl_typesupport_introspection_c.h
[3.276s] -- Up-to-date symlink: /home/sws/tlr_ws/install/ultralytics_ros/include/ultralytics_ros/ultralytics_ros/msg/rosidl_typesupport_introspection_c__visibility_control.h
[3.276s] -- Up-to-date symlink: /home/sws/tlr_ws/install/ultralytics_ros/include/ultralytics_ros/ultralytics_ros/msg/detail/yolo_result__rosidl_typesupport_introspection_cpp.hpp
[3.277s] -- Up-to-date symlink: /home/sws/tlr_ws/install/ultralytics_ros/share/ultralytics_ros/environment/pythonpath.sh
[3.277s] -- Up-to-date symlink: /home/sws/tlr_ws/install/ultralytics_ros/share/ultralytics_ros/environment/pythonpath.dsv
[3.277s] -- Up-to-date symlink: /home/sws/tlr_ws/install/ultralytics_ros/local/lib/python3.10/dist-packages/ultralytics_ros-0.0.0-py3.10.egg-info/PKG-INFO
[3.277s] -- Up-to-date symlink: /home/sws/tlr_ws/install/ultralytics_ros/local/lib/python3.10/dist-packages/ultralytics_ros-0.0.0-py3.10.egg-info/SOURCES.txt
[3.277s] -- Up-to-date symlink: /home/sws/tlr_ws/install/ultralytics_ros/local/lib/python3.10/dist-packages/ultralytics_ros-0.0.0-py3.10.egg-info/dependency_links.txt
[3.277s] -- Up-to-date symlink: /home/sws/tlr_ws/install/ultralytics_ros/local/lib/python3.10/dist-packages/ultralytics_ros-0.0.0-py3.10.egg-info/top_level.txt
[3.277s] -- Up-to-date symlink: /home/sws/tlr_ws/install/ultralytics_ros/local/lib/python3.10/dist-packages/ultralytics_ros/__init__.py
[3.277s] -- Up-to-date symlink: /home/sws/tlr_ws/install/ultralytics_ros/local/lib/python3.10/dist-packages/ultralytics_ros/_ultralytics_ros_s.ep.rosidl_typesupport_c.c
[3.277s] -- Up-to-date symlink: /home/sws/tlr_ws/install/ultralytics_ros/local/lib/python3.10/dist-packages/ultralytics_ros/_ultralytics_ros_s.ep.rosidl_typesupport_fastrtps_c.c
[3.277s] -- Up-to-date symlink: /home/sws/tlr_ws/install/ultralytics_ros/local/lib/python3.10/dist-packages/ultralytics_ros/_ultralytics_ros_s.ep.rosidl_typesupport_introspection_c.c
[3.277s] -- Up-to-date symlink: /home/sws/tlr_ws/install/ultralytics_ros/local/lib/python3.10/dist-packages/ultralytics_ros/libultralytics_ros__rosidl_generator_py.so
[3.277s] -- Up-to-date symlink: /home/sws/tlr_ws/install/ultralytics_ros/local/lib/python3.10/dist-packages/ultralytics_ros/msg/__init__.py
[3.277s] -- Up-to-date symlink: /home/sws/tlr_ws/install/ultralytics_ros/local/lib/python3.10/dist-packages/ultralytics_ros/msg/_yolo_result.py
[3.277s] -- Up-to-date symlink: /home/sws/tlr_ws/install/ultralytics_ros/local/lib/python3.10/dist-packages/ultralytics_ros/msg/_yolo_result_s.c
[3.277s] -- Up-to-date symlink: /home/sws/tlr_ws/install/ultralytics_ros/local/lib/python3.10/dist-packages/ultralytics_ros/ultralytics_ros_s__rosidl_typesupport_c.cpython-310-x86_64-linux-gnu.so
[3.277s] -- Up-to-date symlink: /home/sws/tlr_ws/install/ultralytics_ros/local/lib/python3.10/dist-packages/ultralytics_ros/ultralytics_ros_s__rosidl_typesupport_fastrtps_c.cpython-310-x86_64-linux-gnu.so
[3.277s] -- Up-to-date symlink: /home/sws/tlr_ws/install/ultralytics_ros/local/lib/python3.10/dist-packages/ultralytics_ros/ultralytics_ros_s__rosidl_typesupport_introspection_c.cpython-310-x86_64-linux-gnu.so
[3.277s] -- Up-to-date symlink: /home/sws/tlr_ws/install/ultralytics_ros/local/lib/python3.10/dist-packages/ultralytics_ros/ultralytics_ros_s__rosidl_typesupport_fastrtps_c.cpython-310-x86_64-linux-gnu.so
[3.277s] -- Up-to-date symlink: /home/sws/tlr_ws/install/ultralytics_ros/local/lib/python3.10/dist-packages/ultralytics_ros/ultralytics_ros_s__rosidl_typesupport_introspection_c.cpython-310-x86_64-linux-gnu.so
[3.278s] -- Up-to-date symlink: /home/sws/tlr_ws/install/ultralytics_ros/local/lib/python3.10/dist-packages/ultralytics_ros/ultralytics_ros_s__rosidl_typesupport_c.cpython-310-x86_64-linux-gnu.so
[3.278s] -- Up-to-date symlink: /home/sws/tlr_ws/install/ultralytics_ros/share/ultralytics_ros/msg/YoloResult.idl
[3.278s] -- Up-to-date symlink: /home/sws/tlr_ws/install/ultralytics_ros/share/ultralytics_ros/msg/YoloResult.msg
[3.278s] -- Up-to-date symlink: /home/sws/tlr_ws/install/ultralytics_ros/lib/ultralytics_ros/tracker_with_cloud_node
[3.278s] -- Up-to-date symlink: /home/sws/tlr_ws/install/ultralytics_ros/lib/ultralytics_ros/tracker_node.py
[3.278s] -- Up-to-date symlink: /home/sws/tlr_ws/install/ultralytics_ros/share/ultralytics_ros/launch/kitti_tracker.launch.xml
[3.278s] -- Up-to-date symlink: /home/sws/tlr_ws/install/ultralytics_ros/share/ultralytics_ros/launch/kitti_tracker_with_cloud.launch.xml
[3.278s] -- Up-to-date symlink: /home/sws/tlr_ws/install/ultralytics_ros/share/ultralytics_ros/launch/tracker.launch.xml
[3.278s] -- Up-to-date symlink: /home/sws/tlr_ws/install/ultralytics_ros/share/ultralytics_ros/launch/tracker_with_cloud.launch.xml
[3.278s] -- Up-to-date symlink: /home/sws/tlr_ws/install/ultralytics_ros/share/ultralytics_ros/rviz2/default.rviz
[3.278s] -- Up-to-date symlink: /home/sws/tlr_ws/install/ultralytics_ros/share/ultralytics_ros/rviz2/kitti.rviz
[3.278s] -- Up-to-date symlink: /home/sws/tlr_ws/install/ultralytics_ros/share/ament_index/resource_index/package_run_dependencies/ultralytics_ros
[3.278s] -- Up-to-date symlink: /home/sws/tlr_ws/install/ultralytics_ros/share/ament_index/resource_index/parent_prefix_path/ultralytics_ros
[3.278s] -- Up-to-date symlink: /home/sws/tlr_ws/install/ultralytics_ros/share/ultralytics_ros/environment/ament_prefix_path.sh
[3.278s] -- Up-to-date symlink: /home/sws/tlr_ws/install/ultralytics_ros/share/ultralytics_ros/environment/ament_prefix_path.dsv
[3.278s] -- Up-to-date symlink: /home/sws/tlr_ws/install/ultralytics_ros/share/ultralytics_ros/environment/path.sh
[3.278s] -- Up-to-date symlink: /home/sws/tlr_ws/install/ultralytics_ros/share/ultralytics_ros/environment/path.dsv
[3.278s] -- Up-to-date symlink: /home/sws/tlr_ws/install/ultralytics_ros/share/ultralytics_ros/local_setup.bash
[3.278s] -- Up-to-date symlink: /home/sws/tlr_ws/install/ultralytics_ros/share/ultralytics_ros/local_setup.sh
[3.278s] -- Up-to-date symlink: /home/sws/tlr_ws/install/ultralytics_ros/share/ultralytics_ros/local_setup.zsh
[3.279s] -- Up-to-date symlink: /home/sws/tlr_ws/install/ultralytics_ros/share/ultralytics_ros/local_setup.dsv
[3.279s] -- Symlinking: /home/sws/tlr_ws/install/ultralytics_ros/share/ultralytics_ros/package.dsv
[3.290s] -- Up-to-date symlink: /home/sws/tlr_ws/install/ultralytics_ros/share/ament_index/resource_index/packages/ultralytics_ros
[3.290s] -- Up-to-date symlink: /home/sws/tlr_ws/install/ultralytics_ros/share/ultralytics_ros/cmake/rosidl_cmake-extras.cmake
[3.290s] -- Up-to-date symlink: /home/sws/tlr_ws/install/ultralytics_ros/share/ultralytics_ros/cmake/ament_cmake_export_dependencies-extras.cmake
[3.290s] -- Up-to-date symlink: /home/sws/tlr_ws/install/ultralytics_ros/share/ultralytics_ros/cmake/ament_cmake_export_include_directories-extras.cmake
[3.290s] -- Up-to-date symlink: /home/sws/tlr_ws/install/ultralytics_ros/share/ultralytics_ros/cmake/ament_cmake_export_libraries-extras.cmake
[3.290s] -- Up-to-date symlink: /home/sws/tlr_ws/install/ultralytics_ros/share/ultralytics_ros/cmake/ament_cmake_export_targets-extras.cmake
[3.290s] -- Up-to-date symlink: /home/sws/tlr_ws/install/ultralytics_ros/share/ultralytics_ros/cmake/rosidl_cmake_export_typesupport_targets-extras.cmake
[3.290s] -- Up-to-date symlink: /home/sws/tlr_ws/install/ultralytics_ros/share/ultralytics_ros/cmake/rosidl_cmake_export_typesupport_libraries-extras.cmake
[3.290s] -- Up-to-date symlink: /home/sws/tlr_ws/install/ultralytics_ros/share/ultralytics_ros/cmake/ultralytics_rosConfig.cmake
[3.291s] -- Up-to-date symlink: /home/sws/tlr_ws/install/ultralytics_ros/share/ultralytics_ros/cmake/ultralytics_rosConfig-version.cmake
[3.291s] -- Up-to-date symlink: /home/sws/tlr_ws/install/ultralytics_ros/share/ultralytics_ros/package.xml
[3.291s] -- Up-to-date: /home/sws/tlr_ws/install/ultralytics_ros/lib/libultralytics_ros__rosidl_generator_c.so
[3.291s] -- Up-to-date: /home/sws/tlr_ws/install/ultralytics_ros/lib/libultralytics_ros__rosidl_typesupport_fastrtps_c.so
[3.291s] -- Up-to-date: /home/sws/tlr_ws/install/ultralytics_ros/lib/libultralytics_ros__rosidl_typesupport_fastrtps_cpp.so
[3.291s] -- Up-to-date: /home/sws/tlr_ws/install/ultralytics_ros/lib/libultralytics_ros__rosidl_typesupport_introspection_c.so
[3.291s] -- Up-to-date: /home/sws/tlr_ws/install/ultralytics_ros/lib/libultralytics_ros__rosidl_typesupport_c.so
[3.291s] -- Up-to-date: /home/sws/tlr_ws/install/ultralytics_ros/lib/libultralytics_ros__rosidl_typesupport_introspection_cpp.so
[3.291s] -- Up-to-date: /home/sws/tlr_ws/install/ultralytics_ros/lib/libultralytics_ros__rosidl_typesupport_cpp.so
[3.323s] Listing '/home/sws/tlr_ws/install/ultralytics_ros/local/lib/python3.10/dist-packages/ultralytics_ros'...
[3.323s] Compiling '/home/sws/tlr_ws/install/ultralytics_ros/local/lib/python3.10/dist-packages/ultralytics_ros/__init__.py'...
[3.323s] Listing '/home/sws/tlr_ws/install/ultralytics_ros/local/lib/python3.10/dist-packages/ultralytics_ros/msg'...
[3.325s] -- Up-to-date: /home/sws/tlr_ws/install/ultralytics_ros/lib/libultralytics_ros__rosidl_generator_py.so
[3.325s] -- Up-to-date: /home/sws/tlr_ws/install/ultralytics_ros/share/ultralytics_ros/cmake/export_ultralytics_ros__rosidl_generator_cExport.cmake
[3.325s] -- Up-to-date: /home/sws/tlr_ws/install/ultralytics_ros/share/ultralytics_ros/cmake/export_ultralytics_ros__rosidl_generator_cExport-release.cmake
[3.325s] -- Up-to-date: /home/sws/tlr_ws/install/ultralytics_ros/share/ultralytics_ros/cmake/export_ultralytics_ros__rosidl_typesupport_fastrtps_cExport.cmake
[3.325s] -- Up-to-date: /home/sws/tlr_ws/install/ultralytics_ros/share/ultralytics_ros/cmake/export_ultralytics_ros__rosidl_typesupport_fastrtps_cExport-release.cmake
[3.325s] -- Up-to-date: /home/sws/tlr_ws/install/ultralytics_ros/share/ultralytics_ros/cmake/export_ultralytics_ros__rosidl_generator_cppExport.cmake
[3.325s] -- Up-to-date: /home/sws/tlr_ws/install/ultralytics_ros/share/ultralytics_ros/cmake/export_ultralytics_ros__rosidl_typesupport_fastrtps_cppExport.cmake
[3.325s] -- Up-to-date: /home/sws/tlr_ws/install/ultralytics_ros/share/ultralytics_ros/cmake/export_ultralytics_ros__rosidl_typesupport_fastrtps_cppExport-release.cmake
[3.325s] -- Up-to-date: /home/sws/tlr_ws/install/ultralytics_ros/share/ultralytics_ros/cmake/ultralytics_ros__rosidl_typesupport_introspection_cExport.cmake
[3.325s] -- Up-to-date: /home/sws/tlr_ws/install/ultralytics_ros/share/ultralytics_ros/cmake/ultralytics_ros__rosidl_typesupport_introspection_cExport-release.cmake
[3.326s] -- Up-to-date: /home/sws/tlr_ws/install/ultralytics_ros/share/ultralytics_ros/cmake/ultralytics_ros__rosidl_typesupport_cExport.cmake
[3.326s] -- Up-to-date: /home/sws/tlr_ws/install/ultralytics_ros/share/ultralytics_ros/cmake/ultralytics_ros__rosidl_typesupport_cExport-release.cmake
[3.326s] -- Up-to-date: /home/sws/tlr_ws/install/ultralytics_ros/share/ultralytics_ros/cmake/ultralytics_ros__rosidl_typesupport_introspection_cppExport.cmake
[3.326s] -- Up-to-date: /home/sws/tlr_ws/install/ultralytics_ros/share/ultralytics_ros/cmake/ultralytics_ros__rosidl_typesupport_introspection_cppExport-release.cmake
[3.326s] -- Up-to-date: /home/sws/tlr_ws/install/ultralytics_ros/share/ultralytics_ros/cmake/ultralytics_ros__rosidl_typesupport_cppExport.cmake
[3.326s] -- Up-to-date: /home/sws/tlr_ws/install/ultralytics_ros/share/ultralytics_ros/cmake/ultralytics_ros__rosidl_typesupport_cppExport-release.cmake
[3.326s] -- Up-to-date: /home/sws/tlr_ws/install/ultralytics_ros/share/ultralytics_ros/cmake/export_ultralytics_ros__rosidl_generator_pyExport.cmake
[3.326s] -- Up-to-date: /home/sws/tlr_ws/install/ultralytics_ros/share/ultralytics_ros/cmake/export_ultralytics_ros__rosidl_generator_pyExport-release.cmake
[3.327s] Invoked command in '/home/sws/tlr_ws/build/ultralytics_ros' returned '0': CMAKE_PREFIX_PATH=${CMAKE_PREFIX_PATH}:/home/sws/autoware/install/simulator_compatibility_test:/home/sws/autoware/install/ad_api_visualizers:/home/sws/gnss_ws/install/ntrip_ros:/home/sws/sensor_ws/install/camera_calibration:/home/sws/my_ws/install/udp_handler:/home/sws/my_ws/install/ntrip_ros:/opt/ros/humble /usr/bin/cmake --install /home/sws/tlr_ws/build/ultralytics_ros
